The system is: Linux - 4.14.39-v7+ - armv7l
Compiling the C compiler identification source file "CMakeCCompilerId.c" succeeded.
Compiler: /usr/bin/cc 
Build flags: 
Id flags: 

The output was:
0


Compilation of the C compiler identification source "CMakeCCompilerId.c" produced "a.out"

The C compiler identification is GNU, found in "/home/pi/Desktop/fyp2022/HR_SPARKFUN/build/CMakeFiles/3.6.2/CompilerIdC/a.out"

Compiling the CXX compiler identification source file "CMakeCXXCompilerId.cpp" succeeded.
Compiler: /usr/bin/c++ 
Build flags: 
Id flags: 

The output was:
0


Compilation of the CXX compiler identification source "CMakeCXXCompilerId.cpp" produced "a.out"

The CXX compiler identification is GNU, found in "/home/pi/Desktop/fyp2022/HR_SPARKFUN/build/CMakeFiles/3.6.2/CompilerIdCXX/a.out"

Determining if the C compiler works passed with the following output:
Change Dir: /home/pi/Desktop/fyp2022/HR_SPARKFUN/build/CMakeFiles/CMakeTmp

Run Build Command:"/usr/bin/make" "cmTC_aa3c7/fast"
/usr/bin/make -f CMakeFiles/cmTC_aa3c7.dir/build.make CMakeFiles/cmTC_aa3c7.dir/build
make[1]: Entering directory '/home/pi/Desktop/fyp2022/HR_SPARKFUN/build/CMakeFiles/CMakeTmp'
Building C object CMakeFiles/cmTC_aa3c7.dir/testCCompiler.c.o
/usr/bin/cc     -o CMakeFiles/cmTC_aa3c7.dir/testCCompiler.c.o   -c /home/pi/Desktop/fyp2022/HR_SPARKFUN/build/CMakeFiles/CMakeTmp/testCCompiler.c
Linking C executable cmTC_aa3c7
/usr/bin/cmake -E cmake_link_script CMakeFiles/cmTC_aa3c7.dir/link.txt --verbose=1
/usr/bin/cc       CMakeFiles/cmTC_aa3c7.dir/testCCompiler.c.o  -o cmTC_aa3c7 -rdynamic 
make[1]: Leaving directory '/home/pi/Desktop/fyp2022/HR_SPARKFUN/build/CMakeFiles/CMakeTmp'


Detecting C compiler ABI info compiled with the following output:
Change Dir: /home/pi/Desktop/fyp2022/HR_SPARKFUN/build/CMakeFiles/CMakeTmp

Run Build Command:"/usr/bin/make" "cmTC_1c080/fast"
/usr/bin/make -f CMakeFiles/cmTC_1c080.dir/build.make CMakeFiles/cmTC_1c080.dir/build
make[1]: Entering directory '/home/pi/Desktop/fyp2022/HR_SPARKFUN/build/CMakeFiles/CMakeTmp'
Building C object CMakeFiles/cmTC_1c080.dir/CMakeCCompilerABI.c.o
/usr/bin/cc     -o CMakeFiles/cmTC_1c080.dir/CMakeCCompilerABI.c.o   -c /usr/share/cmake-3.6/Modules/CMakeCCompilerABI.c
Linking C executable cmTC_1c080
/usr/bin/cmake -E cmake_link_script CMakeFiles/cmTC_1c080.dir/link.txt --verbose=1
/usr/bin/cc      -v CMakeFiles/cmTC_1c080.dir/CMakeCCompilerABI.c.o  -o cmTC_1c080 -rdynamic  
Using built-in specs.
COLLECT_GCC=/usr/bin/cc
COLLECT_LTO_WRAPPER=/usr/lib/gcc/arm-linux-gnueabihf/4.7/lto-wrapper
Target: arm-linux-gnueabihf
Configured with: ../src/configure -v --with-pkgversion='Raspbian 4.7.3-11+rpi1' --with-bugurl=file:///usr/share/doc/gcc-4.7/README.Bugs --enable-languages=c,c++,go,fortran,objc,obj-c++ --prefix=/usr --program-suffix=-4.7 --enable-shared --enable-linker-build-id --libexecdir=/usr/lib --without-included-gettext --enable-threads=posix --with-gxx-include-dir=/usr/include/c++/4.7 --libdir=/usr/lib --enable-nls --with-sysroot=/ --enable-clocale=gnu --enable-libstdcxx-debug --enable-gnu-unique-object --disable-libmudflap --disable-libitm --enable-plugin --with-system-zlib --enable-objc-gc --enable-multiarch --disable-sjlj-exceptions --with-arch=armv6 --with-fpu=vfp --with-float=hard --enable-checking=release --build=arm-linux-gnueabihf --host=arm-linux-gnueabihf --target=arm-linux-gnueabihf
Thread model: posix
gcc version 4.7.3 (Raspbian 4.7.3-11+rpi1) 
COMPILER_PATH=/usr/lib/gcc/arm-linux-gnueabihf/4.7/:/usr/lib/gcc/arm-linux-gnueabihf/4.7/:/usr/lib/gcc/arm-linux-gnueabihf/:/usr/lib/gcc/arm-linux-gnueabihf/4.7/:/usr/lib/gcc/arm-linux-gnueabihf/
LIBRARY_PATH=/usr/lib/gcc/arm-linux-gnueabihf/4.7/:/usr/lib/gcc/arm-linux-gnueabihf/4.7/../../../arm-linux-gnueabihf/:/usr/lib/gcc/arm-linux-gnueabihf/4.7/../../../:/lib/arm-linux-gnueabihf/:/lib/:/usr/lib/arm-linux-gnueabihf/:/usr/lib/
COLLECT_GCC_OPTIONS='-v' '-o' 'cmTC_1c080' '-rdynamic' '-march=armv6' '-mfloat-abi=hard' '-mfpu=vfp' '-mtls-dialect=gnu'
 /usr/lib/gcc/arm-linux-gnueabihf/4.7/collect2 --sysroot=/ --build-id --eh-frame-hdr -export-dynamic -dynamic-linker /lib/ld-linux-armhf.so.3 -X --hash-style=gnu -m armelf_linux_eabi -o cmTC_1c080 /usr/lib/gcc/arm-linux-gnueabihf/4.7/../../../arm-linux-gnueabihf/crt1.o /usr/lib/gcc/arm-linux-gnueabihf/4.7/../../../arm-linux-gnueabihf/crti.o /usr/lib/gcc/arm-linux-gnueabihf/4.7/crtbegin.o -L/usr/lib/gcc/arm-linux-gnueabihf/4.7 -L/usr/lib/gcc/arm-linux-gnueabihf/4.7/../../../arm-linux-gnueabihf -L/usr/lib/gcc/arm-linux-gnueabihf/4.7/../../.. -L/lib/arm-linux-gnueabihf -L/usr/lib/arm-linux-gnueabihf CMakeFiles/cmTC_1c080.dir/CMakeCCompilerABI.c.o -lgcc --as-needed -lgcc_s --no-as-needed -lc -lgcc --as-needed -lgcc_s --no-as-needed /usr/lib/gcc/arm-linux-gnueabihf/4.7/crtend.o /usr/lib/gcc/arm-linux-gnueabihf/4.7/../../../arm-linux-gnueabihf/crtn.o
make[1]: Leaving directory '/home/pi/Desktop/fyp2022/HR_SPARKFUN/build/CMakeFiles/CMakeTmp'


Parsed C implicit link information from above output:
  link line regex: [^( *|.*[/\])(ld|([^/\]+-)?ld|collect2)[^/\]*( |$)]
  ignore line: [Change Dir: /home/pi/Desktop/fyp2022/HR_SPARKFUN/build/CMakeFiles/CMakeTmp]
  ignore line: []
  ignore line: [Run Build Command:"/usr/bin/make" "cmTC_1c080/fast"]
  ignore line: [/usr/bin/make -f CMakeFiles/cmTC_1c080.dir/build.make CMakeFiles/cmTC_1c080.dir/build]
  ignore line: [make[1]: Entering directory '/home/pi/Desktop/fyp2022/HR_SPARKFUN/build/CMakeFiles/CMakeTmp']
  ignore line: [Building C object CMakeFiles/cmTC_1c080.dir/CMakeCCompilerABI.c.o]
  ignore line: [/usr/bin/cc     -o CMakeFiles/cmTC_1c080.dir/CMakeCCompilerABI.c.o   -c /usr/share/cmake-3.6/Modules/CMakeCCompilerABI.c]
  ignore line: [Linking C executable cmTC_1c080]
  ignore line: [/usr/bin/cmake -E cmake_link_script CMakeFiles/cmTC_1c080.dir/link.txt --verbose=1]
  ignore line: [/usr/bin/cc      -v CMakeFiles/cmTC_1c080.dir/CMakeCCompilerABI.c.o  -o cmTC_1c080 -rdynamic  ]
  ignore line: [Using built-in specs.]
  ignore line: [COLLECT_GCC=/usr/bin/cc]
  ignore line: [COLLECT_LTO_WRAPPER=/usr/lib/gcc/arm-linux-gnueabihf/4.7/lto-wrapper]
  ignore line: [Target: arm-linux-gnueabihf]
  ignore line: [Configured with: ../src/configure -v --with-pkgversion='Raspbian 4.7.3-11+rpi1' --with-bugurl=file:///usr/share/doc/gcc-4.7/README.Bugs --enable-languages=c,c++,go,fortran,objc,obj-c++ --prefix=/usr --program-suffix=-4.7 --enable-shared --enable-linker-build-id --libexecdir=/usr/lib --without-included-gettext --enable-threads=posix --with-gxx-include-dir=/usr/include/c++/4.7 --libdir=/usr/lib --enable-nls --with-sysroot=/ --enable-clocale=gnu --enable-libstdcxx-debug --enable-gnu-unique-object --disable-libmudflap --disable-libitm --enable-plugin --with-system-zlib --enable-objc-gc --enable-multiarch --disable-sjlj-exceptions --with-arch=armv6 --with-fpu=vfp --with-float=hard --enable-checking=release --build=arm-linux-gnueabihf --host=arm-linux-gnueabihf --target=arm-linux-gnueabihf]
  ignore line: [Thread model: posix]
  ignore line: [gcc version 4.7.3 (Raspbian 4.7.3-11+rpi1) ]
  ignore line: [COMPILER_PATH=/usr/lib/gcc/arm-linux-gnueabihf/4.7/:/usr/lib/gcc/arm-linux-gnueabihf/4.7/:/usr/lib/gcc/arm-linux-gnueabihf/:/usr/lib/gcc/arm-linux-gnueabihf/4.7/:/usr/lib/gcc/arm-linux-gnueabihf/]
  ignore line: [LIBRARY_PATH=/usr/lib/gcc/arm-linux-gnueabihf/4.7/:/usr/lib/gcc/arm-linux-gnueabihf/4.7/../../../arm-linux-gnueabihf/:/usr/lib/gcc/arm-linux-gnueabihf/4.7/../../../:/lib/arm-linux-gnueabihf/:/lib/:/usr/lib/arm-linux-gnueabihf/:/usr/lib/]
  ignore line: [COLLECT_GCC_OPTIONS='-v' '-o' 'cmTC_1c080' '-rdynamic' '-march=armv6' '-mfloat-abi=hard' '-mfpu=vfp' '-mtls-dialect=gnu']
  link line: [ /usr/lib/gcc/arm-linux-gnueabihf/4.7/collect2 --sysroot=/ --build-id --eh-frame-hdr -export-dynamic -dynamic-linker /lib/ld-linux-armhf.so.3 -X --hash-style=gnu -m armelf_linux_eabi -o cmTC_1c080 /usr/lib/gcc/arm-linux-gnueabihf/4.7/../../../arm-linux-gnueabihf/crt1.o /usr/lib/gcc/arm-linux-gnueabihf/4.7/../../../arm-linux-gnueabihf/crti.o /usr/lib/gcc/arm-linux-gnueabihf/4.7/crtbegin.o -L/usr/lib/gcc/arm-linux-gnueabihf/4.7 -L/usr/lib/gcc/arm-linux-gnueabihf/4.7/../../../arm-linux-gnueabihf -L/usr/lib/gcc/arm-linux-gnueabihf/4.7/../../.. -L/lib/arm-linux-gnueabihf -L/usr/lib/arm-linux-gnueabihf CMakeFiles/cmTC_1c080.dir/CMakeCCompilerABI.c.o -lgcc --as-needed -lgcc_s --no-as-needed -lc -lgcc --as-needed -lgcc_s --no-as-needed /usr/lib/gcc/arm-linux-gnueabihf/4.7/crtend.o /usr/lib/gcc/arm-linux-gnueabihf/4.7/../../../arm-linux-gnueabihf/crtn.o]
    arg [/usr/lib/gcc/arm-linux-gnueabihf/4.7/collect2] ==> ignore
    arg [--sysroot=/] ==> ignore
    arg [--build-id] ==> ignore
    arg [--eh-frame-hdr] ==> ignore
    arg [-export-dynamic] ==> ignore
    arg [-dynamic-linker] ==> ignore
    arg [/lib/ld-linux-armhf.so.3] ==> ignore
    arg [-X] ==> ignore
    arg [--hash-style=gnu] ==> ignore
    arg [-m] ==> ignore
    arg [armelf_linux_eabi] ==> ignore
    arg [-o] ==> ignore
    arg [cmTC_1c080] ==> ignore
    arg [/usr/lib/gcc/arm-linux-gnueabihf/4.7/../../../arm-linux-gnueabihf/crt1.o] ==> ignore
    arg [/usr/lib/gcc/arm-linux-gnueabihf/4.7/../../../arm-linux-gnueabihf/crti.o] ==> ignore
    arg [/usr/lib/gcc/arm-linux-gnueabihf/4.7/crtbegin.o] ==> ignore
    arg [-L/usr/lib/gcc/arm-linux-gnueabihf/4.7] ==> dir [/usr/lib/gcc/arm-linux-gnueabihf/4.7]
    arg [-L/usr/lib/gcc/arm-linux-gnueabihf/4.7/../../../arm-linux-gnueabihf] ==> dir [/usr/lib/gcc/arm-linux-gnueabihf/4.7/../../../arm-linux-gnueabihf]
    arg [-L/usr/lib/gcc/arm-linux-gnueabihf/4.7/../../..] ==> dir [/usr/lib/gcc/arm-linux-gnueabihf/4.7/../../..]
    arg [-L/lib/arm-linux-gnueabihf] ==> dir [/lib/arm-linux-gnueabihf]
    arg [-L/usr/lib/arm-linux-gnueabihf] ==> dir [/usr/lib/arm-linux-gnueabihf]
    arg [CMakeFiles/cmTC_1c080.dir/CMakeCCompilerABI.c.o] ==> ignore
    arg [-lgcc] ==> lib [gcc]
    arg [--as-needed] ==> ignore
    arg [-lgcc_s] ==> lib [gcc_s]
    arg [--no-as-needed] ==> ignore
    arg [-lc] ==> lib [c]
    arg [-lgcc] ==> lib [gcc]
    arg [--as-needed] ==> ignore
    arg [-lgcc_s] ==> lib [gcc_s]
    arg [--no-as-needed] ==> ignore
    arg [/usr/lib/gcc/arm-linux-gnueabihf/4.7/crtend.o] ==> ignore
    arg [/usr/lib/gcc/arm-linux-gnueabihf/4.7/../../../arm-linux-gnueabihf/crtn.o] ==> ignore
  remove lib [gcc]
  remove lib [gcc_s]
  remove lib [gcc]
  remove lib [gcc_s]
  collapse library dir [/usr/lib/gcc/arm-linux-gnueabihf/4.7] ==> [/usr/lib/gcc/arm-linux-gnueabihf/4.7]
  collapse library dir [/usr/lib/gcc/arm-linux-gnueabihf/4.7/../../../arm-linux-gnueabihf] ==> [/usr/lib/arm-linux-gnueabihf]
  collapse library dir [/usr/lib/gcc/arm-linux-gnueabihf/4.7/../../..] ==> [/usr/lib]
  collapse library dir [/lib/arm-linux-gnueabihf] ==> [/lib/arm-linux-gnueabihf]
  collapse library dir [/usr/lib/arm-linux-gnueabihf] ==> [/usr/lib/arm-linux-gnueabihf]
  implicit libs: [c]
  implicit dirs: [/usr/lib/gcc/arm-linux-gnueabihf/4.7;/usr/lib/arm-linux-gnueabihf;/usr/lib;/lib/arm-linux-gnueabihf]
  implicit fwks: []




Detecting C [-std=c11] compiler features compiled with the following output:
Change Dir: /home/pi/Desktop/fyp2022/HR_SPARKFUN/build/CMakeFiles/CMakeTmp

Run Build Command:"/usr/bin/make" "cmTC_a5fa2/fast"
/usr/bin/make -f CMakeFiles/cmTC_a5fa2.dir/build.make CMakeFiles/cmTC_a5fa2.dir/build
make[1]: Entering directory '/home/pi/Desktop/fyp2022/HR_SPARKFUN/build/CMakeFiles/CMakeTmp'
Building C object CMakeFiles/cmTC_a5fa2.dir/feature_tests.c.o
/usr/bin/cc    -std=c11 -o CMakeFiles/cmTC_a5fa2.dir/feature_tests.c.o   -c /home/pi/Desktop/fyp2022/HR_SPARKFUN/build/CMakeFiles/feature_tests.c
Linking C executable cmTC_a5fa2
/usr/bin/cmake -E cmake_link_script CMakeFiles/cmTC_a5fa2.dir/link.txt --verbose=1
/usr/bin/cc       CMakeFiles/cmTC_a5fa2.dir/feature_tests.c.o  -o cmTC_a5fa2 -rdynamic 
make[1]: Leaving directory '/home/pi/Desktop/fyp2022/HR_SPARKFUN/build/CMakeFiles/CMakeTmp'


    Feature record: C_FEATURE:1c_function_prototypes
    Feature record: C_FEATURE:1c_restrict
    Feature record: C_FEATURE:1c_static_assert
    Feature record: C_FEATURE:1c_variadic_macros


Detecting C [-std=c99] compiler features compiled with the following output:
Change Dir: /home/pi/Desktop/fyp2022/HR_SPARKFUN/build/CMakeFiles/CMakeTmp

Run Build Command:"/usr/bin/make" "cmTC_9e6af/fast"
/usr/bin/make -f CMakeFiles/cmTC_9e6af.dir/build.make CMakeFiles/cmTC_9e6af.dir/build
make[1]: Entering directory '/home/pi/Desktop/fyp2022/HR_SPARKFUN/build/CMakeFiles/CMakeTmp'
Building C object CMakeFiles/cmTC_9e6af.dir/feature_tests.c.o
/usr/bin/cc    -std=c99 -o CMakeFiles/cmTC_9e6af.dir/feature_tests.c.o   -c /home/pi/Desktop/fyp2022/HR_SPARKFUN/build/CMakeFiles/feature_tests.c
Linking C executable cmTC_9e6af
/usr/bin/cmake -E cmake_link_script CMakeFiles/cmTC_9e6af.dir/link.txt --verbose=1
/usr/bin/cc       CMakeFiles/cmTC_9e6af.dir/feature_tests.c.o  -o cmTC_9e6af -rdynamic 
make[1]: Leaving directory '/home/pi/Desktop/fyp2022/HR_SPARKFUN/build/CMakeFiles/CMakeTmp'


    Feature record: C_FEATURE:1c_function_prototypes
    Feature record: C_FEATURE:1c_restrict
    Feature record: C_FEATURE:0c_static_assert
    Feature record: C_FEATURE:1c_variadic_macros


Detecting C [-std=c90] compiler features compiled with the following output:
Change Dir: /home/pi/Desktop/fyp2022/HR_SPARKFUN/build/CMakeFiles/CMakeTmp

Run Build Command:"/usr/bin/make" "cmTC_b7361/fast"
/usr/bin/make -f CMakeFiles/cmTC_b7361.dir/build.make CMakeFiles/cmTC_b7361.dir/build
make[1]: Entering directory '/home/pi/Desktop/fyp2022/HR_SPARKFUN/build/CMakeFiles/CMakeTmp'
Building C object CMakeFiles/cmTC_b7361.dir/feature_tests.c.o
/usr/bin/cc    -std=c90 -o CMakeFiles/cmTC_b7361.dir/feature_tests.c.o   -c /home/pi/Desktop/fyp2022/HR_SPARKFUN/build/CMakeFiles/feature_tests.c
Linking C executable cmTC_b7361
/usr/bin/cmake -E cmake_link_script CMakeFiles/cmTC_b7361.dir/link.txt --verbose=1
/usr/bin/cc       CMakeFiles/cmTC_b7361.dir/feature_tests.c.o  -o cmTC_b7361 -rdynamic 
make[1]: Leaving directory '/home/pi/Desktop/fyp2022/HR_SPARKFUN/build/CMakeFiles/CMakeTmp'


    Feature record: C_FEATURE:1c_function_prototypes
    Feature record: C_FEATURE:0c_restrict
    Feature record: C_FEATURE:0c_static_assert
    Feature record: C_FEATURE:0c_variadic_macros
Determining if the CXX compiler works passed with the following output:
Change Dir: /home/pi/Desktop/fyp2022/HR_SPARKFUN/build/CMakeFiles/CMakeTmp

Run Build Command:"/usr/bin/make" "cmTC_dc219/fast"
/usr/bin/make -f CMakeFiles/cmTC_dc219.dir/build.make CMakeFiles/cmTC_dc219.dir/build
make[1]: Entering directory '/home/pi/Desktop/fyp2022/HR_SPARKFUN/build/CMakeFiles/CMakeTmp'
Building CXX object CMakeFiles/cmTC_dc219.dir/testCXXCompiler.cxx.o
/usr/bin/c++      -o CMakeFiles/cmTC_dc219.dir/testCXXCompiler.cxx.o -c /home/pi/Desktop/fyp2022/HR_SPARKFUN/build/CMakeFiles/CMakeTmp/testCXXCompiler.cxx
Linking CXX executable cmTC_dc219
/usr/bin/cmake -E cmake_link_script CMakeFiles/cmTC_dc219.dir/link.txt --verbose=1
/usr/bin/c++        CMakeFiles/cmTC_dc219.dir/testCXXCompiler.cxx.o  -o cmTC_dc219 -rdynamic 
make[1]: Leaving directory '/home/pi/Desktop/fyp2022/HR_SPARKFUN/build/CMakeFiles/CMakeTmp'


Detecting CXX compiler ABI info compiled with the following output:
Change Dir: /home/pi/Desktop/fyp2022/HR_SPARKFUN/build/CMakeFiles/CMakeTmp

Run Build Command:"/usr/bin/make" "cmTC_5728c/fast"
/usr/bin/make -f CMakeFiles/cmTC_5728c.dir/build.make CMakeFiles/cmTC_5728c.dir/build
make[1]: Entering directory '/home/pi/Desktop/fyp2022/HR_SPARKFUN/build/CMakeFiles/CMakeTmp'
Building CXX object CMakeFiles/cmTC_5728c.dir/CMakeCXXCompilerABI.cpp.o
/usr/bin/c++      -o CMakeFiles/cmTC_5728c.dir/CMakeCXXCompilerABI.cpp.o -c /usr/share/cmake-3.6/Modules/CMakeCXXCompilerABI.cpp
Linking CXX executable cmTC_5728c
/usr/bin/cmake -E cmake_link_script CMakeFiles/cmTC_5728c.dir/link.txt --verbose=1
/usr/bin/c++       -v CMakeFiles/cmTC_5728c.dir/CMakeCXXCompilerABI.cpp.o  -o cmTC_5728c -rdynamic  
Using built-in specs.
COLLECT_GCC=/usr/bin/c++
COLLECT_LTO_WRAPPER=/usr/lib/gcc/arm-linux-gnueabihf/4.7/lto-wrapper
Target: arm-linux-gnueabihf
Configured with: ../src/configure -v --with-pkgversion='Raspbian 4.7.3-11+rpi1' --with-bugurl=file:///usr/share/doc/gcc-4.7/README.Bugs --enable-languages=c,c++,go,fortran,objc,obj-c++ --prefix=/usr --program-suffix=-4.7 --enable-shared --enable-linker-build-id --libexecdir=/usr/lib --without-included-gettext --enable-threads=posix --with-gxx-include-dir=/usr/include/c++/4.7 --libdir=/usr/lib --enable-nls --with-sysroot=/ --enable-clocale=gnu --enable-libstdcxx-debug --enable-gnu-unique-object --disable-libmudflap --disable-libitm --enable-plugin --with-system-zlib --enable-objc-gc --enable-multiarch --disable-sjlj-exceptions --with-arch=armv6 --with-fpu=vfp --with-float=hard --enable-checking=release --build=arm-linux-gnueabihf --host=arm-linux-gnueabihf --target=arm-linux-gnueabihf
Thread model: posix
gcc version 4.7.3 (Raspbian 4.7.3-11+rpi1) 
COMPILER_PATH=/usr/lib/gcc/arm-linux-gnueabihf/4.7/:/usr/lib/gcc/arm-linux-gnueabihf/4.7/:/usr/lib/gcc/arm-linux-gnueabihf/:/usr/lib/gcc/arm-linux-gnueabihf/4.7/:/usr/lib/gcc/arm-linux-gnueabihf/
LIBRARY_PATH=/usr/lib/gcc/arm-linux-gnueabihf/4.7/:/usr/lib/gcc/arm-linux-gnueabihf/4.7/../../../arm-linux-gnueabihf/:/usr/lib/gcc/arm-linux-gnueabihf/4.7/../../../:/lib/arm-linux-gnueabihf/:/lib/:/usr/lib/arm-linux-gnueabihf/:/usr/lib/
COLLECT_GCC_OPTIONS='-v' '-o' 'cmTC_5728c' '-rdynamic' '-shared-libgcc' '-march=armv6' '-mfloat-abi=hard' '-mfpu=vfp' '-mtls-dialect=gnu'
 /usr/lib/gcc/arm-linux-gnueabihf/4.7/collect2 --sysroot=/ --build-id --eh-frame-hdr -export-dynamic -dynamic-linker /lib/ld-linux-armhf.so.3 -X --hash-style=gnu -m armelf_linux_eabi -o cmTC_5728c /usr/lib/gcc/arm-linux-gnueabihf/4.7/../../../arm-linux-gnueabihf/crt1.o /usr/lib/gcc/arm-linux-gnueabihf/4.7/../../../arm-linux-gnueabihf/crti.o /usr/lib/gcc/arm-linux-gnueabihf/4.7/crtbegin.o -L/usr/lib/gcc/arm-linux-gnueabihf/4.7 -L/usr/lib/gcc/arm-linux-gnueabihf/4.7/../../../arm-linux-gnueabihf -L/usr/lib/gcc/arm-linux-gnueabihf/4.7/../../.. -L/lib/arm-linux-gnueabihf -L/usr/lib/arm-linux-gnueabihf CMakeFiles/cmTC_5728c.dir/CMakeCXXCompilerABI.cpp.o -lstdc++ -lm -lgcc_s -lgcc -lc -lgcc_s -lgcc /usr/lib/gcc/arm-linux-gnueabihf/4.7/crtend.o /usr/lib/gcc/arm-linux-gnueabihf/4.7/../../../arm-linux-gnueabihf/crtn.o
make[1]: Leaving directory '/home/pi/Desktop/fyp2022/HR_SPARKFUN/build/CMakeFiles/CMakeTmp'


Parsed CXX implicit link information from above output:
  link line regex: [^( *|.*[/\])(ld|([^/\]+-)?ld|collect2)[^/\]*( |$)]
  ignore line: [Change Dir: /home/pi/Desktop/fyp2022/HR_SPARKFUN/build/CMakeFiles/CMakeTmp]
  ignore line: []
  ignore line: [Run Build Command:"/usr/bin/make" "cmTC_5728c/fast"]
  ignore line: [/usr/bin/make -f CMakeFiles/cmTC_5728c.dir/build.make CMakeFiles/cmTC_5728c.dir/build]
  ignore line: [make[1]: Entering directory '/home/pi/Desktop/fyp2022/HR_SPARKFUN/build/CMakeFiles/CMakeTmp']
  ignore line: [Building CXX object CMakeFiles/cmTC_5728c.dir/CMakeCXXCompilerABI.cpp.o]
  ignore line: [/usr/bin/c++      -o CMakeFiles/cmTC_5728c.dir/CMakeCXXCompilerABI.cpp.o -c /usr/share/cmake-3.6/Modules/CMakeCXXCompilerABI.cpp]
  ignore line: [Linking CXX executable cmTC_5728c]
  ignore line: [/usr/bin/cmake -E cmake_link_script CMakeFiles/cmTC_5728c.dir/link.txt --verbose=1]
  ignore line: [/usr/bin/c++       -v CMakeFiles/cmTC_5728c.dir/CMakeCXXCompilerABI.cpp.o  -o cmTC_5728c -rdynamic  ]
  ignore line: [Using built-in specs.]
  ignore line: [COLLECT_GCC=/usr/bin/c++]
  ignore line: [COLLECT_LTO_WRAPPER=/usr/lib/gcc/arm-linux-gnueabihf/4.7/lto-wrapper]
  ignore line: [Target: arm-linux-gnueabihf]
  ignore line: [Configured with: ../src/configure -v --with-pkgversion='Raspbian 4.7.3-11+rpi1' --with-bugurl=file:///usr/share/doc/gcc-4.7/README.Bugs --enable-languages=c,c++,go,fortran,objc,obj-c++ --prefix=/usr --program-suffix=-4.7 --enable-shared --enable-linker-build-id --libexecdir=/usr/lib --without-included-gettext --enable-threads=posix --with-gxx-include-dir=/usr/include/c++/4.7 --libdir=/usr/lib --enable-nls --with-sysroot=/ --enable-clocale=gnu --enable-libstdcxx-debug --enable-gnu-unique-object --disable-libmudflap --disable-libitm --enable-plugin --with-system-zlib --enable-objc-gc --enable-multiarch --disable-sjlj-exceptions --with-arch=armv6 --with-fpu=vfp --with-float=hard --enable-checking=release --build=arm-linux-gnueabihf --host=arm-linux-gnueabihf --target=arm-linux-gnueabihf]
  ignore line: [Thread model: posix]
  ignore line: [gcc version 4.7.3 (Raspbian 4.7.3-11+rpi1) ]
  ignore line: [COMPILER_PATH=/usr/lib/gcc/arm-linux-gnueabihf/4.7/:/usr/lib/gcc/arm-linux-gnueabihf/4.7/:/usr/lib/gcc/arm-linux-gnueabihf/:/usr/lib/gcc/arm-linux-gnueabihf/4.7/:/usr/lib/gcc/arm-linux-gnueabihf/]
  ignore line: [LIBRARY_PATH=/usr/lib/gcc/arm-linux-gnueabihf/4.7/:/usr/lib/gcc/arm-linux-gnueabihf/4.7/../../../arm-linux-gnueabihf/:/usr/lib/gcc/arm-linux-gnueabihf/4.7/../../../:/lib/arm-linux-gnueabihf/:/lib/:/usr/lib/arm-linux-gnueabihf/:/usr/lib/]
  ignore line: [COLLECT_GCC_OPTIONS='-v' '-o' 'cmTC_5728c' '-rdynamic' '-shared-libgcc' '-march=armv6' '-mfloat-abi=hard' '-mfpu=vfp' '-mtls-dialect=gnu']
  link line: [ /usr/lib/gcc/arm-linux-gnueabihf/4.7/collect2 --sysroot=/ --build-id --eh-frame-hdr -export-dynamic -dynamic-linker /lib/ld-linux-armhf.so.3 -X --hash-style=gnu -m armelf_linux_eabi -o cmTC_5728c /usr/lib/gcc/arm-linux-gnueabihf/4.7/../../../arm-linux-gnueabihf/crt1.o /usr/lib/gcc/arm-linux-gnueabihf/4.7/../../../arm-linux-gnueabihf/crti.o /usr/lib/gcc/arm-linux-gnueabihf/4.7/crtbegin.o -L/usr/lib/gcc/arm-linux-gnueabihf/4.7 -L/usr/lib/gcc/arm-linux-gnueabihf/4.7/../../../arm-linux-gnueabihf -L/usr/lib/gcc/arm-linux-gnueabihf/4.7/../../.. -L/lib/arm-linux-gnueabihf -L/usr/lib/arm-linux-gnueabihf CMakeFiles/cmTC_5728c.dir/CMakeCXXCompilerABI.cpp.o -lstdc++ -lm -lgcc_s -lgcc -lc -lgcc_s -lgcc /usr/lib/gcc/arm-linux-gnueabihf/4.7/crtend.o /usr/lib/gcc/arm-linux-gnueabihf/4.7/../../../arm-linux-gnueabihf/crtn.o]
    arg [/usr/lib/gcc/arm-linux-gnueabihf/4.7/collect2] ==> ignore
    arg [--sysroot=/] ==> ignore
    arg [--build-id] ==> ignore
    arg [--eh-frame-hdr] ==> ignore
    arg [-export-dynamic] ==> ignore
    arg [-dynamic-linker] ==> ignore
    arg [/lib/ld-linux-armhf.so.3] ==> ignore
    arg [-X] ==> ignore
    arg [--hash-style=gnu] ==> ignore
    arg [-m] ==> ignore
    arg [armelf_linux_eabi] ==> ignore
    arg [-o] ==> ignore
    arg [cmTC_5728c] ==> ignore
    arg [/usr/lib/gcc/arm-linux-gnueabihf/4.7/../../../arm-linux-gnueabihf/crt1.o] ==> ignore
    arg [/usr/lib/gcc/arm-linux-gnueabihf/4.7/../../../arm-linux-gnueabihf/crti.o] ==> ignore
    arg [/usr/lib/gcc/arm-linux-gnueabihf/4.7/crtbegin.o] ==> ignore
    arg [-L/usr/lib/gcc/arm-linux-gnueabihf/4.7] ==> dir [/usr/lib/gcc/arm-linux-gnueabihf/4.7]
    arg [-L/usr/lib/gcc/arm-linux-gnueabihf/4.7/../../../arm-linux-gnueabihf] ==> dir [/usr/lib/gcc/arm-linux-gnueabihf/4.7/../../../arm-linux-gnueabihf]
    arg [-L/usr/lib/gcc/arm-linux-gnueabihf/4.7/../../..] ==> dir [/usr/lib/gcc/arm-linux-gnueabihf/4.7/../../..]
    arg [-L/lib/arm-linux-gnueabihf] ==> dir [/lib/arm-linux-gnueabihf]
    arg [-L/usr/lib/arm-linux-gnueabihf] ==> dir [/usr/lib/arm-linux-gnueabihf]
    arg [CMakeFiles/cmTC_5728c.dir/CMakeCXXCompilerABI.cpp.o] ==> ignore
    arg [-lstdc++] ==> lib [stdc++]
    arg [-lm] ==> lib [m]
    arg [-lgcc_s] ==> lib [gcc_s]
    arg [-lgcc] ==> lib [gcc]
    arg [-lc] ==> lib [c]
    arg [-lgcc_s] ==> lib [gcc_s]
    arg [-lgcc] ==> lib [gcc]
    arg [/usr/lib/gcc/arm-linux-gnueabihf/4.7/crtend.o] ==> ignore
    arg [/usr/lib/gcc/arm-linux-gnueabihf/4.7/../../../arm-linux-gnueabihf/crtn.o] ==> ignore
  remove lib [gcc_s]
  remove lib [gcc]
  remove lib [gcc_s]
  remove lib [gcc]
  collapse library dir [/usr/lib/gcc/arm-linux-gnueabihf/4.7] ==> [/usr/lib/gcc/arm-linux-gnueabihf/4.7]
  collapse library dir [/usr/lib/gcc/arm-linux-gnueabihf/4.7/../../../arm-linux-gnueabihf] ==> [/usr/lib/arm-linux-gnueabihf]
  collapse library dir [/usr/lib/gcc/arm-linux-gnueabihf/4.7/../../..] ==> [/usr/lib]
  collapse library dir [/lib/arm-linux-gnueabihf] ==> [/lib/arm-linux-gnueabihf]
  collapse library dir [/usr/lib/arm-linux-gnueabihf] ==> [/usr/lib/arm-linux-gnueabihf]
  implicit libs: [stdc++;m;c]
  implicit dirs: [/usr/lib/gcc/arm-linux-gnueabihf/4.7;/usr/lib/arm-linux-gnueabihf;/usr/lib;/lib/arm-linux-gnueabihf]
  implicit fwks: []




Detecting CXX [-std=c++11] compiler features compiled with the following output:
Change Dir: /home/pi/Desktop/fyp2022/HR_SPARKFUN/build/CMakeFiles/CMakeTmp

Run Build Command:"/usr/bin/make" "cmTC_2da3c/fast"
/usr/bin/make -f CMakeFiles/cmTC_2da3c.dir/build.make CMakeFiles/cmTC_2da3c.dir/build
make[1]: Entering directory '/home/pi/Desktop/fyp2022/HR_SPARKFUN/build/CMakeFiles/CMakeTmp'
Building CXX object CMakeFiles/cmTC_2da3c.dir/feature_tests.cxx.o
/usr/bin/c++     -std=c++11 -o CMakeFiles/cmTC_2da3c.dir/feature_tests.cxx.o -c /home/pi/Desktop/fyp2022/HR_SPARKFUN/build/CMakeFiles/feature_tests.cxx
Linking CXX executable cmTC_2da3c
/usr/bin/cmake -E cmake_link_script CMakeFiles/cmTC_2da3c.dir/link.txt --verbose=1
/usr/bin/c++        CMakeFiles/cmTC_2da3c.dir/feature_tests.cxx.o  -o cmTC_2da3c -rdynamic 
make[1]: Leaving directory '/home/pi/Desktop/fyp2022/HR_SPARKFUN/build/CMakeFiles/CMakeTmp'


    Feature record: CXX_FEATURE:0cxx_aggregate_default_initializers
    Feature record: CXX_FEATURE:1cxx_alias_templates
    Feature record: CXX_FEATURE:0cxx_alignas
    Feature record: CXX_FEATURE:0cxx_alignof
    Feature record: CXX_FEATURE:0cxx_attributes
    Feature record: CXX_FEATURE:0cxx_attribute_deprecated
    Feature record: CXX_FEATURE:1cxx_auto_type
    Feature record: CXX_FEATURE:0cxx_binary_literals
    Feature record: CXX_FEATURE:1cxx_constexpr
    Feature record: CXX_FEATURE:0cxx_contextual_conversions
    Feature record: CXX_FEATURE:1cxx_decltype
    Feature record: CXX_FEATURE:0cxx_decltype_auto
    Feature record: CXX_FEATURE:0cxx_decltype_incomplete_return_types
    Feature record: CXX_FEATURE:1cxx_default_function_template_args
    Feature record: CXX_FEATURE:1cxx_defaulted_functions
    Feature record: CXX_FEATURE:1cxx_defaulted_move_initializers
    Feature record: CXX_FEATURE:1cxx_delegating_constructors
    Feature record: CXX_FEATURE:1cxx_deleted_functions
    Feature record: CXX_FEATURE:0cxx_digit_separators
    Feature record: CXX_FEATURE:1cxx_enum_forward_declarations
    Feature record: CXX_FEATURE:1cxx_explicit_conversions
    Feature record: CXX_FEATURE:1cxx_extended_friend_declarations
    Feature record: CXX_FEATURE:1cxx_extern_templates
    Feature record: CXX_FEATURE:1cxx_final
    Feature record: CXX_FEATURE:1cxx_func_identifier
    Feature record: CXX_FEATURE:1cxx_generalized_initializers
    Feature record: CXX_FEATURE:0cxx_generic_lambdas
    Feature record: CXX_FEATURE:0cxx_inheriting_constructors
    Feature record: CXX_FEATURE:1cxx_inline_namespaces
    Feature record: CXX_FEATURE:1cxx_lambdas
    Feature record: CXX_FEATURE:0cxx_lambda_init_captures
    Feature record: CXX_FEATURE:1cxx_local_type_template_args
    Feature record: CXX_FEATURE:1cxx_long_long_type
    Feature record: CXX_FEATURE:1cxx_noexcept
    Feature record: CXX_FEATURE:1cxx_nonstatic_member_init
    Feature record: CXX_FEATURE:1cxx_nullptr
    Feature record: CXX_FEATURE:1cxx_override
    Feature record: CXX_FEATURE:1cxx_range_for
    Feature record: CXX_FEATURE:1cxx_raw_string_literals
    Feature record: CXX_FEATURE:0cxx_reference_qualified_functions
    Feature record: CXX_FEATURE:0cxx_relaxed_constexpr
    Feature record: CXX_FEATURE:0cxx_return_type_deduction
    Feature record: CXX_FEATURE:1cxx_right_angle_brackets
    Feature record: CXX_FEATURE:1cxx_rvalue_references
    Feature record: CXX_FEATURE:1cxx_sizeof_member
    Feature record: CXX_FEATURE:1cxx_static_assert
    Feature record: CXX_FEATURE:1cxx_strong_enums
    Feature record: CXX_FEATURE:1cxx_template_template_parameters
    Feature record: CXX_FEATURE:0cxx_thread_local
    Feature record: CXX_FEATURE:1cxx_trailing_return_types
    Feature record: CXX_FEATURE:1cxx_unicode_literals
    Feature record: CXX_FEATURE:1cxx_uniform_initialization
    Feature record: CXX_FEATURE:1cxx_unrestricted_unions
    Feature record: CXX_FEATURE:1cxx_user_literals
    Feature record: CXX_FEATURE:0cxx_variable_templates
    Feature record: CXX_FEATURE:1cxx_variadic_macros
    Feature record: CXX_FEATURE:1cxx_variadic_templates


Detecting CXX [-std=c++98] compiler features compiled with the following output:
Change Dir: /home/pi/Desktop/fyp2022/HR_SPARKFUN/build/CMakeFiles/CMakeTmp

Run Build Command:"/usr/bin/make" "cmTC_52e6e/fast"
/usr/bin/make -f CMakeFiles/cmTC_52e6e.dir/build.make CMakeFiles/cmTC_52e6e.dir/build
make[1]: Entering directory '/home/pi/Desktop/fyp2022/HR_SPARKFUN/build/CMakeFiles/CMakeTmp'
Building CXX object CMakeFiles/cmTC_52e6e.dir/feature_tests.cxx.o
/usr/bin/c++     -std=c++98 -o CMakeFiles/cmTC_52e6e.dir/feature_tests.cxx.o -c /home/pi/Desktop/fyp2022/HR_SPARKFUN/build/CMakeFiles/feature_tests.cxx
Linking CXX executable cmTC_52e6e
/usr/bin/cmake -E cmake_link_script CMakeFiles/cmTC_52e6e.dir/link.txt --verbose=1
/usr/bin/c++        CMakeFiles/cmTC_52e6e.dir/feature_tests.cxx.o  -o cmTC_52e6e -rdynamic 
make[1]: Leaving directory '/home/pi/Desktop/fyp2022/HR_SPARKFUN/build/CMakeFiles/CMakeTmp'


    Feature record: CXX_FEATURE:0cxx_aggregate_default_initializers
    Feature record: CXX_FEATURE:0cxx_alias_templates
    Feature record: CXX_FEATURE:0cxx_alignas
    Feature record: CXX_FEATURE:0cxx_alignof
    Feature record: CXX_FEATURE:0cxx_attributes
    Feature record: CXX_FEATURE:0cxx_attribute_deprecated
    Feature record: CXX_FEATURE:0cxx_auto_type
    Feature record: CXX_FEATURE:0cxx_binary_literals
    Feature record: CXX_FEATURE:0cxx_constexpr
    Feature record: CXX_FEATURE:0cxx_contextual_conversions
    Feature record: CXX_FEATURE:0cxx_decltype
    Feature record: CXX_FEATURE:0cxx_decltype_auto
    Feature record: CXX_FEATURE:0cxx_decltype_incomplete_return_types
    Feature record: CXX_FEATURE:0cxx_default_function_template_args
    Feature record: CXX_FEATURE:0cxx_defaulted_functions
    Feature record: CXX_FEATURE:0cxx_defaulted_move_initializers
    Feature record: CXX_FEATURE:0cxx_delegating_constructors
    Feature record: CXX_FEATURE:0cxx_deleted_functions
    Feature record: CXX_FEATURE:0cxx_digit_separators
    Feature record: CXX_FEATURE:0cxx_enum_forward_declarations
    Feature record: CXX_FEATURE:0cxx_explicit_conversions
    Feature record: CXX_FEATURE:0cxx_extended_friend_declarations
    Feature record: CXX_FEATURE:0cxx_extern_templates
    Feature record: CXX_FEATURE:0cxx_final
    Feature record: CXX_FEATURE:0cxx_func_identifier
    Feature record: CXX_FEATURE:0cxx_generalized_initializers
    Feature record: CXX_FEATURE:0cxx_generic_lambdas
    Feature record: CXX_FEATURE:0cxx_inheriting_constructors
    Feature record: CXX_FEATURE:0cxx_inline_namespaces
    Feature record: CXX_FEATURE:0cxx_lambdas
    Feature record: CXX_FEATURE:0cxx_lambda_init_captures
    Feature record: CXX_FEATURE:0cxx_local_type_template_args
    Feature record: CXX_FEATURE:0cxx_long_long_type
    Feature record: CXX_FEATURE:0cxx_noexcept
    Feature record: CXX_FEATURE:0cxx_nonstatic_member_init
    Feature record: CXX_FEATURE:0cxx_nullptr
    Feature record: CXX_FEATURE:0cxx_override
    Feature record: CXX_FEATURE:0cxx_range_for
    Feature record: CXX_FEATURE:0cxx_raw_string_literals
    Feature record: CXX_FEATURE:0cxx_reference_qualified_functions
    Feature record: CXX_FEATURE:0cxx_relaxed_constexpr
    Feature record: CXX_FEATURE:0cxx_return_type_deduction
    Feature record: CXX_FEATURE:0cxx_right_angle_brackets
    Feature record: CXX_FEATURE:0cxx_rvalue_references
    Feature record: CXX_FEATURE:0cxx_sizeof_member
    Feature record: CXX_FEATURE:0cxx_static_assert
    Feature record: CXX_FEATURE:0cxx_strong_enums
    Feature record: CXX_FEATURE:1cxx_template_template_parameters
    Feature record: CXX_FEATURE:0cxx_thread_local
    Feature record: CXX_FEATURE:0cxx_trailing_return_types
    Feature record: CXX_FEATURE:0cxx_unicode_literals
    Feature record: CXX_FEATURE:0cxx_uniform_initialization
    Feature record: CXX_FEATURE:0cxx_unrestricted_unions
    Feature record: CXX_FEATURE:0cxx_user_literals
    Feature record: CXX_FEATURE:0cxx_variable_templates
    Feature record: CXX_FEATURE:0cxx_variadic_macros
    Feature record: CXX_FEATURE:0cxx_variadic_templates
Determining if the function sgemm_ exists passed with the following output:
Change Dir: /home/pi/Desktop/fyp2022/HR_SPARKFUN/build/CMakeFiles/CMakeTmp

Run Build Command:"/usr/bin/make" "cmTC_7a48a/fast"
/usr/bin/make -f CMakeFiles/cmTC_7a48a.dir/build.make CMakeFiles/cmTC_7a48a.dir/build
make[1]: Entering directory '/home/pi/Desktop/fyp2022/HR_SPARKFUN/build/CMakeFiles/CMakeTmp'
Building C object CMakeFiles/cmTC_7a48a.dir/CheckFunctionExists.c.o
/usr/bin/cc    -DCHECK_FUNCTION_EXISTS=sgemm_   -o CMakeFiles/cmTC_7a48a.dir/CheckFunctionExists.c.o   -c /usr/share/cmake-3.6/Modules/CheckFunctionExists.c
Linking C executable cmTC_7a48a
/usr/bin/cmake -E cmake_link_script CMakeFiles/cmTC_7a48a.dir/link.txt --verbose=1
/usr/bin/cc   -DCHECK_FUNCTION_EXISTS=sgemm_    CMakeFiles/cmTC_7a48a.dir/CheckFunctionExists.c.o  -o cmTC_7a48a -rdynamic /usr/lib/libopenblas.so 
make[1]: Leaving directory '/home/pi/Desktop/fyp2022/HR_SPARKFUN/build/CMakeFiles/CMakeTmp'


Determining if the include file pthread.h exists passed with the following output:
Change Dir: /home/pi/Desktop/fyp2022/HR_SPARKFUN/build/CMakeFiles/CMakeTmp

Run Build Command:"/usr/bin/make" "cmTC_6604c/fast"
/usr/bin/make -f CMakeFiles/cmTC_6604c.dir/build.make CMakeFiles/cmTC_6604c.dir/build
make[1]: Entering directory '/home/pi/Desktop/fyp2022/HR_SPARKFUN/build/CMakeFiles/CMakeTmp'
Building C object CMakeFiles/cmTC_6604c.dir/CheckIncludeFile.c.o
/usr/bin/cc     -o CMakeFiles/cmTC_6604c.dir/CheckIncludeFile.c.o   -c /home/pi/Desktop/fyp2022/HR_SPARKFUN/build/CMakeFiles/CMakeTmp/CheckIncludeFile.c
Linking C executable cmTC_6604c
/usr/bin/cmake -E cmake_link_script CMakeFiles/cmTC_6604c.dir/link.txt --verbose=1
/usr/bin/cc       CMakeFiles/cmTC_6604c.dir/CheckIncludeFile.c.o  -o cmTC_6604c -rdynamic 
make[1]: Leaving directory '/home/pi/Desktop/fyp2022/HR_SPARKFUN/build/CMakeFiles/CMakeTmp'


Determining if the function pthread_create exists in the pthread passed with the following output:
Change Dir: /home/pi/Desktop/fyp2022/HR_SPARKFUN/build/CMakeFiles/CMakeTmp

Run Build Command:"/usr/bin/make" "cmTC_b604a/fast"
/usr/bin/make -f CMakeFiles/cmTC_b604a.dir/build.make CMakeFiles/cmTC_b604a.dir/build
make[1]: Entering directory '/home/pi/Desktop/fyp2022/HR_SPARKFUN/build/CMakeFiles/CMakeTmp'
Building C object CMakeFiles/cmTC_b604a.dir/CheckFunctionExists.c.o
/usr/bin/cc    -DCHECK_FUNCTION_EXISTS=pthread_create   -o CMakeFiles/cmTC_b604a.dir/CheckFunctionExists.c.o   -c /usr/share/cmake-3.6/Modules/CheckFunctionExists.c
Linking C executable cmTC_b604a
/usr/bin/cmake -E cmake_link_script CMakeFiles/cmTC_b604a.dir/link.txt --verbose=1
/usr/bin/cc   -DCHECK_FUNCTION_EXISTS=pthread_create    CMakeFiles/cmTC_b604a.dir/CheckFunctionExists.c.o  -o cmTC_b604a -rdynamic -lpthread 
make[1]: Leaving directory '/home/pi/Desktop/fyp2022/HR_SPARKFUN/build/CMakeFiles/CMakeTmp'


Determining if the function cheev_ exists passed with the following output:
Change Dir: /home/pi/Desktop/fyp2022/HR_SPARKFUN/build/CMakeFiles/CMakeTmp

Run Build Command:"/usr/bin/make" "cmTC_7e595/fast"
/usr/bin/make -f CMakeFiles/cmTC_7e595.dir/build.make CMakeFiles/cmTC_7e595.dir/build
make[1]: Entering directory '/home/pi/Desktop/fyp2022/HR_SPARKFUN/build/CMakeFiles/CMakeTmp'
Building C object CMakeFiles/cmTC_7e595.dir/CheckFunctionExists.c.o
/usr/bin/cc    -DCHECK_FUNCTION_EXISTS=cheev_   -o CMakeFiles/cmTC_7e595.dir/CheckFunctionExists.c.o   -c /usr/share/cmake-3.6/Modules/CheckFunctionExists.c
Linking C executable cmTC_7e595
/usr/bin/cmake -E cmake_link_script CMakeFiles/cmTC_7e595.dir/link.txt --verbose=1
/usr/bin/cc   -DCHECK_FUNCTION_EXISTS=cheev_    CMakeFiles/cmTC_7e595.dir/CheckFunctionExists.c.o  -o cmTC_7e595 -rdynamic /usr/lib/libopenblas.so /usr/lib/libopenblas.so 
make[1]: Leaving directory '/home/pi/Desktop/fyp2022/HR_SPARKFUN/build/CMakeFiles/CMakeTmp'


The system is: Linux - 5.10.103-v7+ - armv7l
Compiling the C compiler identification source file "CMakeCCompilerId.c" succeeded.
Compiler: /usr/bin/cc 
Build flags: 
Id flags:  

The output was:
0


Compilation of the C compiler identification source "CMakeCCompilerId.c" produced "a.out"

The C compiler identification is GNU, found in "/home/pi/Desktop/fyp2022/HR_SPARKFUN/build/CMakeFiles/3.18.4/CompilerIdC/a.out"

Compiling the CXX compiler identification source file "CMakeCXXCompilerId.cpp" succeeded.
Compiler: /usr/bin/c++ 
Build flags: 
Id flags:  

The output was:
0


Compilation of the CXX compiler identification source "CMakeCXXCompilerId.cpp" produced "a.out"

The CXX compiler identification is GNU, found in "/home/pi/Desktop/fyp2022/HR_SPARKFUN/build/CMakeFiles/3.18.4/CompilerIdCXX/a.out"

Detecting C compiler ABI info compiled with the following output:
Change Dir: /home/pi/Desktop/fyp2022/HR_SPARKFUN/build/CMakeFiles/CMakeTmp

Run Build Command(s):/usr/bin/make cmTC_540a7/fast && /usr/bin/make  -f CMakeFiles/cmTC_540a7.dir/build.make CMakeFiles/cmTC_540a7.dir/build
make[1]: Entering directory '/home/pi/Desktop/fyp2022/HR_SPARKFUN/build/CMakeFiles/CMakeTmp'
Building C object CMakeFiles/cmTC_540a7.dir/CMakeCCompilerABI.c.o
/usr/bin/cc   -v -o CMakeFiles/cmTC_540a7.dir/CMakeCCompilerABI.c.o -c /usr/share/cmake-3.18/Modules/CMakeCCompilerABI.c
Using built-in specs.
COLLECT_GCC=/usr/bin/cc
Target: arm-linux-gnueabihf
Configured with: ../src/configure -v --with-pkgversion='Raspbian 10.2.1-6+rpi1' --with-bugurl=file:///usr/share/doc/gcc-10/README.Bugs --enable-languages=c,ada,c++,go,d,fortran,objc,obj-c++,m2 --prefix=/usr --with-gcc-major-version-only --program-suffix=-10 --program-prefix=arm-linux-gnueabihf- --enable-shared --enable-linker-build-id --libexecdir=/usr/lib --without-included-gettext --enable-threads=posix --libdir=/usr/lib --enable-nls --enable-bootstrap --enable-clocale=gnu --enable-libstdcxx-debug --enable-libstdcxx-time=yes --with-default-libstdcxx-abi=new --enable-gnu-unique-object --disable-libitm --disable-libquadmath --disable-libquadmath-support --enable-plugin --with-system-zlib --enable-libphobos-checking=release --with-target-system-zlib=auto --enable-objc-gc=auto --enable-multiarch --disable-sjlj-exceptions --with-arch=armv6 --with-fpu=vfp --with-float=hard --disable-werror --enable-checking=release --build=arm-linux-gnueabihf --host=arm-linux-gnueabihf --target=arm-linux-gnueabihf
Thread model: posix
Supported LTO compression algorithms: zlib zstd
gcc version 10.2.1 20210110 (Raspbian 10.2.1-6+rpi1) 
COLLECT_GCC_OPTIONS='-v' '-o' 'CMakeFiles/cmTC_540a7.dir/CMakeCCompilerABI.c.o' '-c'  '-mfloat-abi=hard' '-mfpu=vfp' '-mtls-dialect=gnu' '-marm' '-march=armv6+fp'
 /usr/lib/gcc/arm-linux-gnueabihf/10/cc1 -quiet -v -imultilib . -imultiarch arm-linux-gnueabihf /usr/share/cmake-3.18/Modules/CMakeCCompilerABI.c -quiet -dumpbase CMakeCCompilerABI.c -mfloat-abi=hard -mfpu=vfp -mtls-dialect=gnu -marm -march=armv6+fp -auxbase-strip CMakeFiles/cmTC_540a7.dir/CMakeCCompilerABI.c.o -version -o /tmp/ccr8NKcu.s
GNU C17 (Raspbian 10.2.1-6+rpi1) version 10.2.1 20210110 (arm-linux-gnueabihf)
	compiled by GNU C version 10.2.1 20210110, GMP version 6.2.1, MPFR version 4.1.0, MPC version 1.2.0, isl version isl-0.23-GMP

GGC heuristics: --param ggc-min-expand=93 --param ggc-min-heapsize=118121
ignoring nonexistent directory "/usr/local/include/arm-linux-gnueabihf"
ignoring nonexistent directory "/usr/lib/gcc/arm-linux-gnueabihf/10/include-fixed"
ignoring nonexistent directory "/usr/lib/gcc/arm-linux-gnueabihf/10/../../../../arm-linux-gnueabihf/include"
#include "..." search starts here:
#include <...> search starts here:
 /usr/lib/gcc/arm-linux-gnueabihf/10/include
 /usr/local/include
 /usr/include/arm-linux-gnueabihf
 /usr/include
End of search list.
GNU C17 (Raspbian 10.2.1-6+rpi1) version 10.2.1 20210110 (arm-linux-gnueabihf)
	compiled by GNU C version 10.2.1 20210110, GMP version 6.2.1, MPFR version 4.1.0, MPC version 1.2.0, isl version isl-0.23-GMP

GGC heuristics: --param ggc-min-expand=93 --param ggc-min-heapsize=118121
Compiler executable checksum: b0c2f0ffcfbe7fc710aaf45c31c63944
COLLECT_GCC_OPTIONS='-v' '-o' 'CMakeFiles/cmTC_540a7.dir/CMakeCCompilerABI.c.o' '-c'  '-mfloat-abi=hard' '-mfpu=vfp' '-mtls-dialect=gnu' '-marm' '-march=armv6+fp'
 as -v -march=armv6 -mfloat-abi=hard -mfpu=vfp -meabi=5 -o CMakeFiles/cmTC_540a7.dir/CMakeCCompilerABI.c.o /tmp/ccr8NKcu.s
GNU assembler version 2.35.2 (arm-linux-gnueabihf) using BFD version (GNU Binutils for Raspbian) 2.35.2
COMPILER_PATH=/usr/lib/gcc/arm-linux-gnueabihf/10/:/usr/lib/gcc/arm-linux-gnueabihf/10/:/usr/lib/gcc/arm-linux-gnueabihf/:/usr/lib/gcc/arm-linux-gnueabihf/10/:/usr/lib/gcc/arm-linux-gnueabihf/
LIBRARY_PATH=/usr/lib/gcc/arm-linux-gnueabihf/10/:/usr/lib/gcc/arm-linux-gnueabihf/10/../../../arm-linux-gnueabihf/:/usr/lib/gcc/arm-linux-gnueabihf/10/../../../:/lib/arm-linux-gnueabihf/:/lib/:/usr/lib/arm-linux-gnueabihf/:/usr/lib/
COLLECT_GCC_OPTIONS='-v' '-o' 'CMakeFiles/cmTC_540a7.dir/CMakeCCompilerABI.c.o' '-c'  '-mfloat-abi=hard' '-mfpu=vfp' '-mtls-dialect=gnu' '-marm' '-march=armv6+fp'
Linking C executable cmTC_540a7
/usr/bin/cmake -E cmake_link_script CMakeFiles/cmTC_540a7.dir/link.txt --verbose=1
/usr/bin/cc  -v -rdynamic CMakeFiles/cmTC_540a7.dir/CMakeCCompilerABI.c.o -o cmTC_540a7 
Using built-in specs.
COLLECT_GCC=/usr/bin/cc
COLLECT_LTO_WRAPPER=/usr/lib/gcc/arm-linux-gnueabihf/10/lto-wrapper
Target: arm-linux-gnueabihf
Configured with: ../src/configure -v --with-pkgversion='Raspbian 10.2.1-6+rpi1' --with-bugurl=file:///usr/share/doc/gcc-10/README.Bugs --enable-languages=c,ada,c++,go,d,fortran,objc,obj-c++,m2 --prefix=/usr --with-gcc-major-version-only --program-suffix=-10 --program-prefix=arm-linux-gnueabihf- --enable-shared --enable-linker-build-id --libexecdir=/usr/lib --without-included-gettext --enable-threads=posix --libdir=/usr/lib --enable-nls --enable-bootstrap --enable-clocale=gnu --enable-libstdcxx-debug --enable-libstdcxx-time=yes --with-default-libstdcxx-abi=new --enable-gnu-unique-object --disable-libitm --disable-libquadmath --disable-libquadmath-support --enable-plugin --with-system-zlib --enable-libphobos-checking=release --with-target-system-zlib=auto --enable-objc-gc=auto --enable-multiarch --disable-sjlj-exceptions --with-arch=armv6 --with-fpu=vfp --with-float=hard --disable-werror --enable-checking=release --build=arm-linux-gnueabihf --host=arm-linux-gnueabihf --target=arm-linux-gnueabihf
Thread model: posix
Supported LTO compression algorithms: zlib zstd
gcc version 10.2.1 20210110 (Raspbian 10.2.1-6+rpi1) 
COMPILER_PATH=/usr/lib/gcc/arm-linux-gnueabihf/10/:/usr/lib/gcc/arm-linux-gnueabihf/10/:/usr/lib/gcc/arm-linux-gnueabihf/:/usr/lib/gcc/arm-linux-gnueabihf/10/:/usr/lib/gcc/arm-linux-gnueabihf/
LIBRARY_PATH=/usr/lib/gcc/arm-linux-gnueabihf/10/:/usr/lib/gcc/arm-linux-gnueabihf/10/../../../arm-linux-gnueabihf/:/usr/lib/gcc/arm-linux-gnueabihf/10/../../../:/lib/arm-linux-gnueabihf/:/lib/:/usr/lib/arm-linux-gnueabihf/:/usr/lib/
COLLECT_GCC_OPTIONS='-v' '-rdynamic' '-o' 'cmTC_540a7'  '-mfloat-abi=hard' '-mfpu=vfp' '-mtls-dialect=gnu' '-marm' '-march=armv6+fp'
 /usr/lib/gcc/arm-linux-gnueabihf/10/collect2 -plugin /usr/lib/gcc/arm-linux-gnueabihf/10/liblto_plugin.so -plugin-opt=/usr/lib/gcc/arm-linux-gnueabihf/10/lto-wrapper -plugin-opt=-fresolution=/tmp/cckxq2uW.res -plugin-opt=-pass-through=-lgcc -plugin-opt=-pass-through=-lgcc_s -plugin-opt=-pass-through=-lc -plugin-opt=-pass-through=-lgcc -plugin-opt=-pass-through=-lgcc_s --build-id --eh-frame-hdr -export-dynamic -dynamic-linker /lib/ld-linux-armhf.so.3 -X --hash-style=gnu --as-needed -m armelf_linux_eabi -o cmTC_540a7 /usr/lib/gcc/arm-linux-gnueabihf/10/../../../arm-linux-gnueabihf/crt1.o /usr/lib/gcc/arm-linux-gnueabihf/10/../../../arm-linux-gnueabihf/crti.o /usr/lib/gcc/arm-linux-gnueabihf/10/crtbegin.o -L/usr/lib/gcc/arm-linux-gnueabihf/10 -L/usr/lib/gcc/arm-linux-gnueabihf/10/../../../arm-linux-gnueabihf -L/usr/lib/gcc/arm-linux-gnueabihf/10/../../.. -L/lib/arm-linux-gnueabihf -L/usr/lib/arm-linux-gnueabihf CMakeFiles/cmTC_540a7.dir/CMakeCCompilerABI.c.o -lgcc --push-state --as-needed -lgcc_s --pop-state -lc -lgcc --push-state --as-needed -lgcc_s --pop-state /usr/lib/gcc/arm-linux-gnueabihf/10/crtend.o /usr/lib/gcc/arm-linux-gnueabihf/10/../../../arm-linux-gnueabihf/crtn.o
COLLECT_GCC_OPTIONS='-v' '-rdynamic' '-o' 'cmTC_540a7'  '-mfloat-abi=hard' '-mfpu=vfp' '-mtls-dialect=gnu' '-marm' '-march=armv6+fp'
make[1]: Leaving directory '/home/pi/Desktop/fyp2022/HR_SPARKFUN/build/CMakeFiles/CMakeTmp'



Parsed C implicit include dir info from above output: rv=done
  found start of include info
  found start of implicit include info
    add: [/usr/lib/gcc/arm-linux-gnueabihf/10/include]
    add: [/usr/local/include]
    add: [/usr/include/arm-linux-gnueabihf]
    add: [/usr/include]
  end of search list found
  collapse include dir [/usr/lib/gcc/arm-linux-gnueabihf/10/include] ==> [/usr/lib/gcc/arm-linux-gnueabihf/10/include]
  collapse include dir [/usr/local/include] ==> [/usr/local/include]
  collapse include dir [/usr/include/arm-linux-gnueabihf] ==> [/usr/include/arm-linux-gnueabihf]
  collapse include dir [/usr/include] ==> [/usr/include]
  implicit include dirs: [/usr/lib/gcc/arm-linux-gnueabihf/10/include;/usr/local/include;/usr/include/arm-linux-gnueabihf;/usr/include]


Parsed C implicit link information from above output:
  link line regex: [^( *|.*[/\])(ld|CMAKE_LINK_STARTFILE-NOTFOUND|([^/\]+-)?ld|collect2)[^/\]*( |$)]
  ignore line: [Change Dir: /home/pi/Desktop/fyp2022/HR_SPARKFUN/build/CMakeFiles/CMakeTmp]
  ignore line: []
  ignore line: [Run Build Command(s):/usr/bin/make cmTC_540a7/fast && /usr/bin/make  -f CMakeFiles/cmTC_540a7.dir/build.make CMakeFiles/cmTC_540a7.dir/build]
  ignore line: [make[1]: Entering directory '/home/pi/Desktop/fyp2022/HR_SPARKFUN/build/CMakeFiles/CMakeTmp']
  ignore line: [Building C object CMakeFiles/cmTC_540a7.dir/CMakeCCompilerABI.c.o]
  ignore line: [/usr/bin/cc   -v -o CMakeFiles/cmTC_540a7.dir/CMakeCCompilerABI.c.o -c /usr/share/cmake-3.18/Modules/CMakeCCompilerABI.c]
  ignore line: [Using built-in specs.]
  ignore line: [COLLECT_GCC=/usr/bin/cc]
  ignore line: [Target: arm-linux-gnueabihf]
  ignore line: [Configured with: ../src/configure -v --with-pkgversion='Raspbian 10.2.1-6+rpi1' --with-bugurl=file:///usr/share/doc/gcc-10/README.Bugs --enable-languages=c ada c++ go d fortran objc obj-c++ m2 --prefix=/usr --with-gcc-major-version-only --program-suffix=-10 --program-prefix=arm-linux-gnueabihf- --enable-shared --enable-linker-build-id --libexecdir=/usr/lib --without-included-gettext --enable-threads=posix --libdir=/usr/lib --enable-nls --enable-bootstrap --enable-clocale=gnu --enable-libstdcxx-debug --enable-libstdcxx-time=yes --with-default-libstdcxx-abi=new --enable-gnu-unique-object --disable-libitm --disable-libquadmath --disable-libquadmath-support --enable-plugin --with-system-zlib --enable-libphobos-checking=release --with-target-system-zlib=auto --enable-objc-gc=auto --enable-multiarch --disable-sjlj-exceptions --with-arch=armv6 --with-fpu=vfp --with-float=hard --disable-werror --enable-checking=release --build=arm-linux-gnueabihf --host=arm-linux-gnueabihf --target=arm-linux-gnueabihf]
  ignore line: [Thread model: posix]
  ignore line: [Supported LTO compression algorithms: zlib zstd]
  ignore line: [gcc version 10.2.1 20210110 (Raspbian 10.2.1-6+rpi1) ]
  ignore line: [COLLECT_GCC_OPTIONS='-v' '-o' 'CMakeFiles/cmTC_540a7.dir/CMakeCCompilerABI.c.o' '-c'  '-mfloat-abi=hard' '-mfpu=vfp' '-mtls-dialect=gnu' '-marm' '-march=armv6+fp']
  ignore line: [ /usr/lib/gcc/arm-linux-gnueabihf/10/cc1 -quiet -v -imultilib . -imultiarch arm-linux-gnueabihf /usr/share/cmake-3.18/Modules/CMakeCCompilerABI.c -quiet -dumpbase CMakeCCompilerABI.c -mfloat-abi=hard -mfpu=vfp -mtls-dialect=gnu -marm -march=armv6+fp -auxbase-strip CMakeFiles/cmTC_540a7.dir/CMakeCCompilerABI.c.o -version -o /tmp/ccr8NKcu.s]
  ignore line: [GNU C17 (Raspbian 10.2.1-6+rpi1) version 10.2.1 20210110 (arm-linux-gnueabihf)]
  ignore line: [	compiled by GNU C version 10.2.1 20210110  GMP version 6.2.1  MPFR version 4.1.0  MPC version 1.2.0  isl version isl-0.23-GMP]
  ignore line: []
  ignore line: [GGC heuristics: --param ggc-min-expand=93 --param ggc-min-heapsize=118121]
  ignore line: [ignoring nonexistent directory "/usr/local/include/arm-linux-gnueabihf"]
  ignore line: [ignoring nonexistent directory "/usr/lib/gcc/arm-linux-gnueabihf/10/include-fixed"]
  ignore line: [ignoring nonexistent directory "/usr/lib/gcc/arm-linux-gnueabihf/10/../../../../arm-linux-gnueabihf/include"]
  ignore line: [#include "..." search starts here:]
  ignore line: [#include <...> search starts here:]
  ignore line: [ /usr/lib/gcc/arm-linux-gnueabihf/10/include]
  ignore line: [ /usr/local/include]
  ignore line: [ /usr/include/arm-linux-gnueabihf]
  ignore line: [ /usr/include]
  ignore line: [End of search list.]
  ignore line: [GNU C17 (Raspbian 10.2.1-6+rpi1) version 10.2.1 20210110 (arm-linux-gnueabihf)]
  ignore line: [	compiled by GNU C version 10.2.1 20210110  GMP version 6.2.1  MPFR version 4.1.0  MPC version 1.2.0  isl version isl-0.23-GMP]
  ignore line: []
  ignore line: [GGC heuristics: --param ggc-min-expand=93 --param ggc-min-heapsize=118121]
  ignore line: [Compiler executable checksum: b0c2f0ffcfbe7fc710aaf45c31c63944]
  ignore line: [COLLECT_GCC_OPTIONS='-v' '-o' 'CMakeFiles/cmTC_540a7.dir/CMakeCCompilerABI.c.o' '-c'  '-mfloat-abi=hard' '-mfpu=vfp' '-mtls-dialect=gnu' '-marm' '-march=armv6+fp']
  ignore line: [ as -v -march=armv6 -mfloat-abi=hard -mfpu=vfp -meabi=5 -o CMakeFiles/cmTC_540a7.dir/CMakeCCompilerABI.c.o /tmp/ccr8NKcu.s]
  ignore line: [GNU assembler version 2.35.2 (arm-linux-gnueabihf) using BFD version (GNU Binutils for Raspbian) 2.35.2]
  ignore line: [COMPILER_PATH=/usr/lib/gcc/arm-linux-gnueabihf/10/:/usr/lib/gcc/arm-linux-gnueabihf/10/:/usr/lib/gcc/arm-linux-gnueabihf/:/usr/lib/gcc/arm-linux-gnueabihf/10/:/usr/lib/gcc/arm-linux-gnueabihf/]
  ignore line: [LIBRARY_PATH=/usr/lib/gcc/arm-linux-gnueabihf/10/:/usr/lib/gcc/arm-linux-gnueabihf/10/../../../arm-linux-gnueabihf/:/usr/lib/gcc/arm-linux-gnueabihf/10/../../../:/lib/arm-linux-gnueabihf/:/lib/:/usr/lib/arm-linux-gnueabihf/:/usr/lib/]
  ignore line: [COLLECT_GCC_OPTIONS='-v' '-o' 'CMakeFiles/cmTC_540a7.dir/CMakeCCompilerABI.c.o' '-c'  '-mfloat-abi=hard' '-mfpu=vfp' '-mtls-dialect=gnu' '-marm' '-march=armv6+fp']
  ignore line: [Linking C executable cmTC_540a7]
  ignore line: [/usr/bin/cmake -E cmake_link_script CMakeFiles/cmTC_540a7.dir/link.txt --verbose=1]
  ignore line: [/usr/bin/cc  -v -rdynamic CMakeFiles/cmTC_540a7.dir/CMakeCCompilerABI.c.o -o cmTC_540a7 ]
  ignore line: [Using built-in specs.]
  ignore line: [COLLECT_GCC=/usr/bin/cc]
  ignore line: [COLLECT_LTO_WRAPPER=/usr/lib/gcc/arm-linux-gnueabihf/10/lto-wrapper]
  ignore line: [Target: arm-linux-gnueabihf]
  ignore line: [Configured with: ../src/configure -v --with-pkgversion='Raspbian 10.2.1-6+rpi1' --with-bugurl=file:///usr/share/doc/gcc-10/README.Bugs --enable-languages=c ada c++ go d fortran objc obj-c++ m2 --prefix=/usr --with-gcc-major-version-only --program-suffix=-10 --program-prefix=arm-linux-gnueabihf- --enable-shared --enable-linker-build-id --libexecdir=/usr/lib --without-included-gettext --enable-threads=posix --libdir=/usr/lib --enable-nls --enable-bootstrap --enable-clocale=gnu --enable-libstdcxx-debug --enable-libstdcxx-time=yes --with-default-libstdcxx-abi=new --enable-gnu-unique-object --disable-libitm --disable-libquadmath --disable-libquadmath-support --enable-plugin --with-system-zlib --enable-libphobos-checking=release --with-target-system-zlib=auto --enable-objc-gc=auto --enable-multiarch --disable-sjlj-exceptions --with-arch=armv6 --with-fpu=vfp --with-float=hard --disable-werror --enable-checking=release --build=arm-linux-gnueabihf --host=arm-linux-gnueabihf --target=arm-linux-gnueabihf]
  ignore line: [Thread model: posix]
  ignore line: [Supported LTO compression algorithms: zlib zstd]
  ignore line: [gcc version 10.2.1 20210110 (Raspbian 10.2.1-6+rpi1) ]
  ignore line: [COMPILER_PATH=/usr/lib/gcc/arm-linux-gnueabihf/10/:/usr/lib/gcc/arm-linux-gnueabihf/10/:/usr/lib/gcc/arm-linux-gnueabihf/:/usr/lib/gcc/arm-linux-gnueabihf/10/:/usr/lib/gcc/arm-linux-gnueabihf/]
  ignore line: [LIBRARY_PATH=/usr/lib/gcc/arm-linux-gnueabihf/10/:/usr/lib/gcc/arm-linux-gnueabihf/10/../../../arm-linux-gnueabihf/:/usr/lib/gcc/arm-linux-gnueabihf/10/../../../:/lib/arm-linux-gnueabihf/:/lib/:/usr/lib/arm-linux-gnueabihf/:/usr/lib/]
  ignore line: [COLLECT_GCC_OPTIONS='-v' '-rdynamic' '-o' 'cmTC_540a7'  '-mfloat-abi=hard' '-mfpu=vfp' '-mtls-dialect=gnu' '-marm' '-march=armv6+fp']
  link line: [ /usr/lib/gcc/arm-linux-gnueabihf/10/collect2 -plugin /usr/lib/gcc/arm-linux-gnueabihf/10/liblto_plugin.so -plugin-opt=/usr/lib/gcc/arm-linux-gnueabihf/10/lto-wrapper -plugin-opt=-fresolution=/tmp/cckxq2uW.res -plugin-opt=-pass-through=-lgcc -plugin-opt=-pass-through=-lgcc_s -plugin-opt=-pass-through=-lc -plugin-opt=-pass-through=-lgcc -plugin-opt=-pass-through=-lgcc_s --build-id --eh-frame-hdr -export-dynamic -dynamic-linker /lib/ld-linux-armhf.so.3 -X --hash-style=gnu --as-needed -m armelf_linux_eabi -o cmTC_540a7 /usr/lib/gcc/arm-linux-gnueabihf/10/../../../arm-linux-gnueabihf/crt1.o /usr/lib/gcc/arm-linux-gnueabihf/10/../../../arm-linux-gnueabihf/crti.o /usr/lib/gcc/arm-linux-gnueabihf/10/crtbegin.o -L/usr/lib/gcc/arm-linux-gnueabihf/10 -L/usr/lib/gcc/arm-linux-gnueabihf/10/../../../arm-linux-gnueabihf -L/usr/lib/gcc/arm-linux-gnueabihf/10/../../.. -L/lib/arm-linux-gnueabihf -L/usr/lib/arm-linux-gnueabihf CMakeFiles/cmTC_540a7.dir/CMakeCCompilerABI.c.o -lgcc --push-state --as-needed -lgcc_s --pop-state -lc -lgcc --push-state --as-needed -lgcc_s --pop-state /usr/lib/gcc/arm-linux-gnueabihf/10/crtend.o /usr/lib/gcc/arm-linux-gnueabihf/10/../../../arm-linux-gnueabihf/crtn.o]
    arg [/usr/lib/gcc/arm-linux-gnueabihf/10/collect2] ==> ignore
    arg [-plugin] ==> ignore
    arg [/usr/lib/gcc/arm-linux-gnueabihf/10/liblto_plugin.so] ==> ignore
    arg [-plugin-opt=/usr/lib/gcc/arm-linux-gnueabihf/10/lto-wrapper] ==> ignore
    arg [-plugin-opt=-fresolution=/tmp/cckxq2uW.res] ==> ignore
    arg [-plugin-opt=-pass-through=-lgcc] ==> ignore
    arg [-plugin-opt=-pass-through=-lgcc_s] ==> ignore
    arg [-plugin-opt=-pass-through=-lc] ==> ignore
    arg [-plugin-opt=-pass-through=-lgcc] ==> ignore
    arg [-plugin-opt=-pass-through=-lgcc_s] ==> ignore
    arg [--build-id] ==> ignore
    arg [--eh-frame-hdr] ==> ignore
    arg [-export-dynamic] ==> ignore
    arg [-dynamic-linker] ==> ignore
    arg [/lib/ld-linux-armhf.so.3] ==> ignore
    arg [-X] ==> ignore
    arg [--hash-style=gnu] ==> ignore
    arg [--as-needed] ==> ignore
    arg [-m] ==> ignore
    arg [armelf_linux_eabi] ==> ignore
    arg [-o] ==> ignore
    arg [cmTC_540a7] ==> ignore
    arg [/usr/lib/gcc/arm-linux-gnueabihf/10/../../../arm-linux-gnueabihf/crt1.o] ==> ignore
    arg [/usr/lib/gcc/arm-linux-gnueabihf/10/../../../arm-linux-gnueabihf/crti.o] ==> ignore
    arg [/usr/lib/gcc/arm-linux-gnueabihf/10/crtbegin.o] ==> ignore
    arg [-L/usr/lib/gcc/arm-linux-gnueabihf/10] ==> dir [/usr/lib/gcc/arm-linux-gnueabihf/10]
    arg [-L/usr/lib/gcc/arm-linux-gnueabihf/10/../../../arm-linux-gnueabihf] ==> dir [/usr/lib/gcc/arm-linux-gnueabihf/10/../../../arm-linux-gnueabihf]
    arg [-L/usr/lib/gcc/arm-linux-gnueabihf/10/../../..] ==> dir [/usr/lib/gcc/arm-linux-gnueabihf/10/../../..]
    arg [-L/lib/arm-linux-gnueabihf] ==> dir [/lib/arm-linux-gnueabihf]
    arg [-L/usr/lib/arm-linux-gnueabihf] ==> dir [/usr/lib/arm-linux-gnueabihf]
    arg [CMakeFiles/cmTC_540a7.dir/CMakeCCompilerABI.c.o] ==> ignore
    arg [-lgcc] ==> lib [gcc]
    arg [--push-state] ==> ignore
    arg [--as-needed] ==> ignore
    arg [-lgcc_s] ==> lib [gcc_s]
    arg [--pop-state] ==> ignore
    arg [-lc] ==> lib [c]
    arg [-lgcc] ==> lib [gcc]
    arg [--push-state] ==> ignore
    arg [--as-needed] ==> ignore
    arg [-lgcc_s] ==> lib [gcc_s]
    arg [--pop-state] ==> ignore
    arg [/usr/lib/gcc/arm-linux-gnueabihf/10/crtend.o] ==> ignore
    arg [/usr/lib/gcc/arm-linux-gnueabihf/10/../../../arm-linux-gnueabihf/crtn.o] ==> ignore
  collapse library dir [/usr/lib/gcc/arm-linux-gnueabihf/10] ==> [/usr/lib/gcc/arm-linux-gnueabihf/10]
  collapse library dir [/usr/lib/gcc/arm-linux-gnueabihf/10/../../../arm-linux-gnueabihf] ==> [/usr/lib/arm-linux-gnueabihf]
  collapse library dir [/usr/lib/gcc/arm-linux-gnueabihf/10/../../..] ==> [/usr/lib]
  collapse library dir [/lib/arm-linux-gnueabihf] ==> [/lib/arm-linux-gnueabihf]
  collapse library dir [/usr/lib/arm-linux-gnueabihf] ==> [/usr/lib/arm-linux-gnueabihf]
  implicit libs: [gcc;gcc_s;c;gcc;gcc_s]
  implicit dirs: [/usr/lib/gcc/arm-linux-gnueabihf/10;/usr/lib/arm-linux-gnueabihf;/usr/lib;/lib/arm-linux-gnueabihf]
  implicit fwks: []


Detecting CXX compiler ABI info compiled with the following output:
Change Dir: /home/pi/Desktop/fyp2022/HR_SPARKFUN/build/CMakeFiles/CMakeTmp

Run Build Command(s):/usr/bin/make cmTC_18981/fast && /usr/bin/make  -f CMakeFiles/cmTC_18981.dir/build.make CMakeFiles/cmTC_18981.dir/build
make[1]: Entering directory '/home/pi/Desktop/fyp2022/HR_SPARKFUN/build/CMakeFiles/CMakeTmp'
Building CXX object CMakeFiles/cmTC_18981.dir/CMakeCXXCompilerABI.cpp.o
/usr/bin/c++   -v -o CMakeFiles/cmTC_18981.dir/CMakeCXXCompilerABI.cpp.o -c /usr/share/cmake-3.18/Modules/CMakeCXXCompilerABI.cpp
Using built-in specs.
COLLECT_GCC=/usr/bin/c++
Target: arm-linux-gnueabihf
Configured with: ../src/configure -v --with-pkgversion='Raspbian 10.2.1-6+rpi1' --with-bugurl=file:///usr/share/doc/gcc-10/README.Bugs --enable-languages=c,ada,c++,go,d,fortran,objc,obj-c++,m2 --prefix=/usr --with-gcc-major-version-only --program-suffix=-10 --program-prefix=arm-linux-gnueabihf- --enable-shared --enable-linker-build-id --libexecdir=/usr/lib --without-included-gettext --enable-threads=posix --libdir=/usr/lib --enable-nls --enable-bootstrap --enable-clocale=gnu --enable-libstdcxx-debug --enable-libstdcxx-time=yes --with-default-libstdcxx-abi=new --enable-gnu-unique-object --disable-libitm --disable-libquadmath --disable-libquadmath-support --enable-plugin --with-system-zlib --enable-libphobos-checking=release --with-target-system-zlib=auto --enable-objc-gc=auto --enable-multiarch --disable-sjlj-exceptions --with-arch=armv6 --with-fpu=vfp --with-float=hard --disable-werror --enable-checking=release --build=arm-linux-gnueabihf --host=arm-linux-gnueabihf --target=arm-linux-gnueabihf
Thread model: posix
Supported LTO compression algorithms: zlib zstd
gcc version 10.2.1 20210110 (Raspbian 10.2.1-6+rpi1) 
COLLECT_GCC_OPTIONS='-v' '-o' 'CMakeFiles/cmTC_18981.dir/CMakeCXXCompilerABI.cpp.o' '-c' '-shared-libgcc'  '-mfloat-abi=hard' '-mfpu=vfp' '-mtls-dialect=gnu' '-marm' '-march=armv6+fp'
 /usr/lib/gcc/arm-linux-gnueabihf/10/cc1plus -quiet -v -imultilib . -imultiarch arm-linux-gnueabihf -D_GNU_SOURCE /usr/share/cmake-3.18/Modules/CMakeCXXCompilerABI.cpp -quiet -dumpbase CMakeCXXCompilerABI.cpp -mfloat-abi=hard -mfpu=vfp -mtls-dialect=gnu -marm -march=armv6+fp -auxbase-strip CMakeFiles/cmTC_18981.dir/CMakeCXXCompilerABI.cpp.o -version -o /tmp/ccwPMa1q.s
GNU C++14 (Raspbian 10.2.1-6+rpi1) version 10.2.1 20210110 (arm-linux-gnueabihf)
	compiled by GNU C version 10.2.1 20210110, GMP version 6.2.1, MPFR version 4.1.0, MPC version 1.2.0, isl version isl-0.23-GMP

GGC heuristics: --param ggc-min-expand=93 --param ggc-min-heapsize=118121
ignoring duplicate directory "/usr/include/arm-linux-gnueabihf/c++/10"
ignoring nonexistent directory "/usr/local/include/arm-linux-gnueabihf"
ignoring nonexistent directory "/usr/lib/gcc/arm-linux-gnueabihf/10/include-fixed"
ignoring nonexistent directory "/usr/lib/gcc/arm-linux-gnueabihf/10/../../../../arm-linux-gnueabihf/include"
#include "..." search starts here:
#include <...> search starts here:
 /usr/include/c++/10
 /usr/include/arm-linux-gnueabihf/c++/10
 /usr/include/c++/10/backward
 /usr/lib/gcc/arm-linux-gnueabihf/10/include
 /usr/local/include
 /usr/include/arm-linux-gnueabihf
 /usr/include
End of search list.
GNU C++14 (Raspbian 10.2.1-6+rpi1) version 10.2.1 20210110 (arm-linux-gnueabihf)
	compiled by GNU C version 10.2.1 20210110, GMP version 6.2.1, MPFR version 4.1.0, MPC version 1.2.0, isl version isl-0.23-GMP

GGC heuristics: --param ggc-min-expand=93 --param ggc-min-heapsize=118121
Compiler executable checksum: db87415434a7c3b71e7ddc297314da99
COLLECT_GCC_OPTIONS='-v' '-o' 'CMakeFiles/cmTC_18981.dir/CMakeCXXCompilerABI.cpp.o' '-c' '-shared-libgcc'  '-mfloat-abi=hard' '-mfpu=vfp' '-mtls-dialect=gnu' '-marm' '-march=armv6+fp'
 as -v -march=armv6 -mfloat-abi=hard -mfpu=vfp -meabi=5 -o CMakeFiles/cmTC_18981.dir/CMakeCXXCompilerABI.cpp.o /tmp/ccwPMa1q.s
GNU assembler version 2.35.2 (arm-linux-gnueabihf) using BFD version (GNU Binutils for Raspbian) 2.35.2
COMPILER_PATH=/usr/lib/gcc/arm-linux-gnueabihf/10/:/usr/lib/gcc/arm-linux-gnueabihf/10/:/usr/lib/gcc/arm-linux-gnueabihf/:/usr/lib/gcc/arm-linux-gnueabihf/10/:/usr/lib/gcc/arm-linux-gnueabihf/
LIBRARY_PATH=/usr/lib/gcc/arm-linux-gnueabihf/10/:/usr/lib/gcc/arm-linux-gnueabihf/10/../../../arm-linux-gnueabihf/:/usr/lib/gcc/arm-linux-gnueabihf/10/../../../:/lib/arm-linux-gnueabihf/:/lib/:/usr/lib/arm-linux-gnueabihf/:/usr/lib/
COLLECT_GCC_OPTIONS='-v' '-o' 'CMakeFiles/cmTC_18981.dir/CMakeCXXCompilerABI.cpp.o' '-c' '-shared-libgcc'  '-mfloat-abi=hard' '-mfpu=vfp' '-mtls-dialect=gnu' '-marm' '-march=armv6+fp'
Linking CXX executable cmTC_18981
/usr/bin/cmake -E cmake_link_script CMakeFiles/cmTC_18981.dir/link.txt --verbose=1
/usr/bin/c++  -v -rdynamic CMakeFiles/cmTC_18981.dir/CMakeCXXCompilerABI.cpp.o -o cmTC_18981 
Using built-in specs.
COLLECT_GCC=/usr/bin/c++
COLLECT_LTO_WRAPPER=/usr/lib/gcc/arm-linux-gnueabihf/10/lto-wrapper
Target: arm-linux-gnueabihf
Configured with: ../src/configure -v --with-pkgversion='Raspbian 10.2.1-6+rpi1' --with-bugurl=file:///usr/share/doc/gcc-10/README.Bugs --enable-languages=c,ada,c++,go,d,fortran,objc,obj-c++,m2 --prefix=/usr --with-gcc-major-version-only --program-suffix=-10 --program-prefix=arm-linux-gnueabihf- --enable-shared --enable-linker-build-id --libexecdir=/usr/lib --without-included-gettext --enable-threads=posix --libdir=/usr/lib --enable-nls --enable-bootstrap --enable-clocale=gnu --enable-libstdcxx-debug --enable-libstdcxx-time=yes --with-default-libstdcxx-abi=new --enable-gnu-unique-object --disable-libitm --disable-libquadmath --disable-libquadmath-support --enable-plugin --with-system-zlib --enable-libphobos-checking=release --with-target-system-zlib=auto --enable-objc-gc=auto --enable-multiarch --disable-sjlj-exceptions --with-arch=armv6 --with-fpu=vfp --with-float=hard --disable-werror --enable-checking=release --build=arm-linux-gnueabihf --host=arm-linux-gnueabihf --target=arm-linux-gnueabihf
Thread model: posix
Supported LTO compression algorithms: zlib zstd
gcc version 10.2.1 20210110 (Raspbian 10.2.1-6+rpi1) 
COMPILER_PATH=/usr/lib/gcc/arm-linux-gnueabihf/10/:/usr/lib/gcc/arm-linux-gnueabihf/10/:/usr/lib/gcc/arm-linux-gnueabihf/:/usr/lib/gcc/arm-linux-gnueabihf/10/:/usr/lib/gcc/arm-linux-gnueabihf/
LIBRARY_PATH=/usr/lib/gcc/arm-linux-gnueabihf/10/:/usr/lib/gcc/arm-linux-gnueabihf/10/../../../arm-linux-gnueabihf/:/usr/lib/gcc/arm-linux-gnueabihf/10/../../../:/lib/arm-linux-gnueabihf/:/lib/:/usr/lib/arm-linux-gnueabihf/:/usr/lib/
COLLECT_GCC_OPTIONS='-v' '-rdynamic' '-o' 'cmTC_18981' '-shared-libgcc'  '-mfloat-abi=hard' '-mfpu=vfp' '-mtls-dialect=gnu' '-marm' '-march=armv6+fp'
 /usr/lib/gcc/arm-linux-gnueabihf/10/collect2 -plugin /usr/lib/gcc/arm-linux-gnueabihf/10/liblto_plugin.so -plugin-opt=/usr/lib/gcc/arm-linux-gnueabihf/10/lto-wrapper -plugin-opt=-fresolution=/tmp/cc1mYuIV.res -plugin-opt=-pass-through=-lgcc_s -plugin-opt=-pass-through=-lgcc -plugin-opt=-pass-through=-lc -plugin-opt=-pass-through=-lgcc_s -plugin-opt=-pass-through=-lgcc --build-id --eh-frame-hdr -export-dynamic -dynamic-linker /lib/ld-linux-armhf.so.3 -X --hash-style=gnu --as-needed -m armelf_linux_eabi -o cmTC_18981 /usr/lib/gcc/arm-linux-gnueabihf/10/../../../arm-linux-gnueabihf/crt1.o /usr/lib/gcc/arm-linux-gnueabihf/10/../../../arm-linux-gnueabihf/crti.o /usr/lib/gcc/arm-linux-gnueabihf/10/crtbegin.o -L/usr/lib/gcc/arm-linux-gnueabihf/10 -L/usr/lib/gcc/arm-linux-gnueabihf/10/../../../arm-linux-gnueabihf -L/usr/lib/gcc/arm-linux-gnueabihf/10/../../.. -L/lib/arm-linux-gnueabihf -L/usr/lib/arm-linux-gnueabihf CMakeFiles/cmTC_18981.dir/CMakeCXXCompilerABI.cpp.o -lstdc++ -lm -lgcc_s -lgcc -lc -lgcc_s -lgcc /usr/lib/gcc/arm-linux-gnueabihf/10/crtend.o /usr/lib/gcc/arm-linux-gnueabihf/10/../../../arm-linux-gnueabihf/crtn.o
COLLECT_GCC_OPTIONS='-v' '-rdynamic' '-o' 'cmTC_18981' '-shared-libgcc'  '-mfloat-abi=hard' '-mfpu=vfp' '-mtls-dialect=gnu' '-marm' '-march=armv6+fp'
make[1]: Leaving directory '/home/pi/Desktop/fyp2022/HR_SPARKFUN/build/CMakeFiles/CMakeTmp'



Parsed CXX implicit include dir info from above output: rv=done
  found start of include info
  found start of implicit include info
    add: [/usr/include/c++/10]
    add: [/usr/include/arm-linux-gnueabihf/c++/10]
    add: [/usr/include/c++/10/backward]
    add: [/usr/lib/gcc/arm-linux-gnueabihf/10/include]
    add: [/usr/local/include]
    add: [/usr/include/arm-linux-gnueabihf]
    add: [/usr/include]
  end of search list found
  collapse include dir [/usr/include/c++/10] ==> [/usr/include/c++/10]
  collapse include dir [/usr/include/arm-linux-gnueabihf/c++/10] ==> [/usr/include/arm-linux-gnueabihf/c++/10]
  collapse include dir [/usr/include/c++/10/backward] ==> [/usr/include/c++/10/backward]
  collapse include dir [/usr/lib/gcc/arm-linux-gnueabihf/10/include] ==> [/usr/lib/gcc/arm-linux-gnueabihf/10/include]
  collapse include dir [/usr/local/include] ==> [/usr/local/include]
  collapse include dir [/usr/include/arm-linux-gnueabihf] ==> [/usr/include/arm-linux-gnueabihf]
  collapse include dir [/usr/include] ==> [/usr/include]
  implicit include dirs: [/usr/include/c++/10;/usr/include/arm-linux-gnueabihf/c++/10;/usr/include/c++/10/backward;/usr/lib/gcc/arm-linux-gnueabihf/10/include;/usr/local/include;/usr/include/arm-linux-gnueabihf;/usr/include]


Parsed CXX implicit link information from above output:
  link line regex: [^( *|.*[/\])(ld|CMAKE_LINK_STARTFILE-NOTFOUND|([^/\]+-)?ld|collect2)[^/\]*( |$)]
  ignore line: [Change Dir: /home/pi/Desktop/fyp2022/HR_SPARKFUN/build/CMakeFiles/CMakeTmp]
  ignore line: []
  ignore line: [Run Build Command(s):/usr/bin/make cmTC_18981/fast && /usr/bin/make  -f CMakeFiles/cmTC_18981.dir/build.make CMakeFiles/cmTC_18981.dir/build]
  ignore line: [make[1]: Entering directory '/home/pi/Desktop/fyp2022/HR_SPARKFUN/build/CMakeFiles/CMakeTmp']
  ignore line: [Building CXX object CMakeFiles/cmTC_18981.dir/CMakeCXXCompilerABI.cpp.o]
  ignore line: [/usr/bin/c++   -v -o CMakeFiles/cmTC_18981.dir/CMakeCXXCompilerABI.cpp.o -c /usr/share/cmake-3.18/Modules/CMakeCXXCompilerABI.cpp]
  ignore line: [Using built-in specs.]
  ignore line: [COLLECT_GCC=/usr/bin/c++]
  ignore line: [Target: arm-linux-gnueabihf]
  ignore line: [Configured with: ../src/configure -v --with-pkgversion='Raspbian 10.2.1-6+rpi1' --with-bugurl=file:///usr/share/doc/gcc-10/README.Bugs --enable-languages=c ada c++ go d fortran objc obj-c++ m2 --prefix=/usr --with-gcc-major-version-only --program-suffix=-10 --program-prefix=arm-linux-gnueabihf- --enable-shared --enable-linker-build-id --libexecdir=/usr/lib --without-included-gettext --enable-threads=posix --libdir=/usr/lib --enable-nls --enable-bootstrap --enable-clocale=gnu --enable-libstdcxx-debug --enable-libstdcxx-time=yes --with-default-libstdcxx-abi=new --enable-gnu-unique-object --disable-libitm --disable-libquadmath --disable-libquadmath-support --enable-plugin --with-system-zlib --enable-libphobos-checking=release --with-target-system-zlib=auto --enable-objc-gc=auto --enable-multiarch --disable-sjlj-exceptions --with-arch=armv6 --with-fpu=vfp --with-float=hard --disable-werror --enable-checking=release --build=arm-linux-gnueabihf --host=arm-linux-gnueabihf --target=arm-linux-gnueabihf]
  ignore line: [Thread model: posix]
  ignore line: [Supported LTO compression algorithms: zlib zstd]
  ignore line: [gcc version 10.2.1 20210110 (Raspbian 10.2.1-6+rpi1) ]
  ignore line: [COLLECT_GCC_OPTIONS='-v' '-o' 'CMakeFiles/cmTC_18981.dir/CMakeCXXCompilerABI.cpp.o' '-c' '-shared-libgcc'  '-mfloat-abi=hard' '-mfpu=vfp' '-mtls-dialect=gnu' '-marm' '-march=armv6+fp']
  ignore line: [ /usr/lib/gcc/arm-linux-gnueabihf/10/cc1plus -quiet -v -imultilib . -imultiarch arm-linux-gnueabihf -D_GNU_SOURCE /usr/share/cmake-3.18/Modules/CMakeCXXCompilerABI.cpp -quiet -dumpbase CMakeCXXCompilerABI.cpp -mfloat-abi=hard -mfpu=vfp -mtls-dialect=gnu -marm -march=armv6+fp -auxbase-strip CMakeFiles/cmTC_18981.dir/CMakeCXXCompilerABI.cpp.o -version -o /tmp/ccwPMa1q.s]
  ignore line: [GNU C++14 (Raspbian 10.2.1-6+rpi1) version 10.2.1 20210110 (arm-linux-gnueabihf)]
  ignore line: [	compiled by GNU C version 10.2.1 20210110  GMP version 6.2.1  MPFR version 4.1.0  MPC version 1.2.0  isl version isl-0.23-GMP]
  ignore line: []
  ignore line: [GGC heuristics: --param ggc-min-expand=93 --param ggc-min-heapsize=118121]
  ignore line: [ignoring duplicate directory "/usr/include/arm-linux-gnueabihf/c++/10"]
  ignore line: [ignoring nonexistent directory "/usr/local/include/arm-linux-gnueabihf"]
  ignore line: [ignoring nonexistent directory "/usr/lib/gcc/arm-linux-gnueabihf/10/include-fixed"]
  ignore line: [ignoring nonexistent directory "/usr/lib/gcc/arm-linux-gnueabihf/10/../../../../arm-linux-gnueabihf/include"]
  ignore line: [#include "..." search starts here:]
  ignore line: [#include <...> search starts here:]
  ignore line: [ /usr/include/c++/10]
  ignore line: [ /usr/include/arm-linux-gnueabihf/c++/10]
  ignore line: [ /usr/include/c++/10/backward]
  ignore line: [ /usr/lib/gcc/arm-linux-gnueabihf/10/include]
  ignore line: [ /usr/local/include]
  ignore line: [ /usr/include/arm-linux-gnueabihf]
  ignore line: [ /usr/include]
  ignore line: [End of search list.]
  ignore line: [GNU C++14 (Raspbian 10.2.1-6+rpi1) version 10.2.1 20210110 (arm-linux-gnueabihf)]
  ignore line: [	compiled by GNU C version 10.2.1 20210110  GMP version 6.2.1  MPFR version 4.1.0  MPC version 1.2.0  isl version isl-0.23-GMP]
  ignore line: []
  ignore line: [GGC heuristics: --param ggc-min-expand=93 --param ggc-min-heapsize=118121]
  ignore line: [Compiler executable checksum: db87415434a7c3b71e7ddc297314da99]
  ignore line: [COLLECT_GCC_OPTIONS='-v' '-o' 'CMakeFiles/cmTC_18981.dir/CMakeCXXCompilerABI.cpp.o' '-c' '-shared-libgcc'  '-mfloat-abi=hard' '-mfpu=vfp' '-mtls-dialect=gnu' '-marm' '-march=armv6+fp']
  ignore line: [ as -v -march=armv6 -mfloat-abi=hard -mfpu=vfp -meabi=5 -o CMakeFiles/cmTC_18981.dir/CMakeCXXCompilerABI.cpp.o /tmp/ccwPMa1q.s]
  ignore line: [GNU assembler version 2.35.2 (arm-linux-gnueabihf) using BFD version (GNU Binutils for Raspbian) 2.35.2]
  ignore line: [COMPILER_PATH=/usr/lib/gcc/arm-linux-gnueabihf/10/:/usr/lib/gcc/arm-linux-gnueabihf/10/:/usr/lib/gcc/arm-linux-gnueabihf/:/usr/lib/gcc/arm-linux-gnueabihf/10/:/usr/lib/gcc/arm-linux-gnueabihf/]
  ignore line: [LIBRARY_PATH=/usr/lib/gcc/arm-linux-gnueabihf/10/:/usr/lib/gcc/arm-linux-gnueabihf/10/../../../arm-linux-gnueabihf/:/usr/lib/gcc/arm-linux-gnueabihf/10/../../../:/lib/arm-linux-gnueabihf/:/lib/:/usr/lib/arm-linux-gnueabihf/:/usr/lib/]
  ignore line: [COLLECT_GCC_OPTIONS='-v' '-o' 'CMakeFiles/cmTC_18981.dir/CMakeCXXCompilerABI.cpp.o' '-c' '-shared-libgcc'  '-mfloat-abi=hard' '-mfpu=vfp' '-mtls-dialect=gnu' '-marm' '-march=armv6+fp']
  ignore line: [Linking CXX executable cmTC_18981]
  ignore line: [/usr/bin/cmake -E cmake_link_script CMakeFiles/cmTC_18981.dir/link.txt --verbose=1]
  ignore line: [/usr/bin/c++  -v -rdynamic CMakeFiles/cmTC_18981.dir/CMakeCXXCompilerABI.cpp.o -o cmTC_18981 ]
  ignore line: [Using built-in specs.]
  ignore line: [COLLECT_GCC=/usr/bin/c++]
  ignore line: [COLLECT_LTO_WRAPPER=/usr/lib/gcc/arm-linux-gnueabihf/10/lto-wrapper]
  ignore line: [Target: arm-linux-gnueabihf]
  ignore line: [Configured with: ../src/configure -v --with-pkgversion='Raspbian 10.2.1-6+rpi1' --with-bugurl=file:///usr/share/doc/gcc-10/README.Bugs --enable-languages=c ada c++ go d fortran objc obj-c++ m2 --prefix=/usr --with-gcc-major-version-only --program-suffix=-10 --program-prefix=arm-linux-gnueabihf- --enable-shared --enable-linker-build-id --libexecdir=/usr/lib --without-included-gettext --enable-threads=posix --libdir=/usr/lib --enable-nls --enable-bootstrap --enable-clocale=gnu --enable-libstdcxx-debug --enable-libstdcxx-time=yes --with-default-libstdcxx-abi=new --enable-gnu-unique-object --disable-libitm --disable-libquadmath --disable-libquadmath-support --enable-plugin --with-system-zlib --enable-libphobos-checking=release --with-target-system-zlib=auto --enable-objc-gc=auto --enable-multiarch --disable-sjlj-exceptions --with-arch=armv6 --with-fpu=vfp --with-float=hard --disable-werror --enable-checking=release --build=arm-linux-gnueabihf --host=arm-linux-gnueabihf --target=arm-linux-gnueabihf]
  ignore line: [Thread model: posix]
  ignore line: [Supported LTO compression algorithms: zlib zstd]
  ignore line: [gcc version 10.2.1 20210110 (Raspbian 10.2.1-6+rpi1) ]
  ignore line: [COMPILER_PATH=/usr/lib/gcc/arm-linux-gnueabihf/10/:/usr/lib/gcc/arm-linux-gnueabihf/10/:/usr/lib/gcc/arm-linux-gnueabihf/:/usr/lib/gcc/arm-linux-gnueabihf/10/:/usr/lib/gcc/arm-linux-gnueabihf/]
  ignore line: [LIBRARY_PATH=/usr/lib/gcc/arm-linux-gnueabihf/10/:/usr/lib/gcc/arm-linux-gnueabihf/10/../../../arm-linux-gnueabihf/:/usr/lib/gcc/arm-linux-gnueabihf/10/../../../:/lib/arm-linux-gnueabihf/:/lib/:/usr/lib/arm-linux-gnueabihf/:/usr/lib/]
  ignore line: [COLLECT_GCC_OPTIONS='-v' '-rdynamic' '-o' 'cmTC_18981' '-shared-libgcc'  '-mfloat-abi=hard' '-mfpu=vfp' '-mtls-dialect=gnu' '-marm' '-march=armv6+fp']
  link line: [ /usr/lib/gcc/arm-linux-gnueabihf/10/collect2 -plugin /usr/lib/gcc/arm-linux-gnueabihf/10/liblto_plugin.so -plugin-opt=/usr/lib/gcc/arm-linux-gnueabihf/10/lto-wrapper -plugin-opt=-fresolution=/tmp/cc1mYuIV.res -plugin-opt=-pass-through=-lgcc_s -plugin-opt=-pass-through=-lgcc -plugin-opt=-pass-through=-lc -plugin-opt=-pass-through=-lgcc_s -plugin-opt=-pass-through=-lgcc --build-id --eh-frame-hdr -export-dynamic -dynamic-linker /lib/ld-linux-armhf.so.3 -X --hash-style=gnu --as-needed -m armelf_linux_eabi -o cmTC_18981 /usr/lib/gcc/arm-linux-gnueabihf/10/../../../arm-linux-gnueabihf/crt1.o /usr/lib/gcc/arm-linux-gnueabihf/10/../../../arm-linux-gnueabihf/crti.o /usr/lib/gcc/arm-linux-gnueabihf/10/crtbegin.o -L/usr/lib/gcc/arm-linux-gnueabihf/10 -L/usr/lib/gcc/arm-linux-gnueabihf/10/../../../arm-linux-gnueabihf -L/usr/lib/gcc/arm-linux-gnueabihf/10/../../.. -L/lib/arm-linux-gnueabihf -L/usr/lib/arm-linux-gnueabihf CMakeFiles/cmTC_18981.dir/CMakeCXXCompilerABI.cpp.o -lstdc++ -lm -lgcc_s -lgcc -lc -lgcc_s -lgcc /usr/lib/gcc/arm-linux-gnueabihf/10/crtend.o /usr/lib/gcc/arm-linux-gnueabihf/10/../../../arm-linux-gnueabihf/crtn.o]
    arg [/usr/lib/gcc/arm-linux-gnueabihf/10/collect2] ==> ignore
    arg [-plugin] ==> ignore
    arg [/usr/lib/gcc/arm-linux-gnueabihf/10/liblto_plugin.so] ==> ignore
    arg [-plugin-opt=/usr/lib/gcc/arm-linux-gnueabihf/10/lto-wrapper] ==> ignore
    arg [-plugin-opt=-fresolution=/tmp/cc1mYuIV.res] ==> ignore
    arg [-plugin-opt=-pass-through=-lgcc_s] ==> ignore
    arg [-plugin-opt=-pass-through=-lgcc] ==> ignore
    arg [-plugin-opt=-pass-through=-lc] ==> ignore
    arg [-plugin-opt=-pass-through=-lgcc_s] ==> ignore
    arg [-plugin-opt=-pass-through=-lgcc] ==> ignore
    arg [--build-id] ==> ignore
    arg [--eh-frame-hdr] ==> ignore
    arg [-export-dynamic] ==> ignore
    arg [-dynamic-linker] ==> ignore
    arg [/lib/ld-linux-armhf.so.3] ==> ignore
    arg [-X] ==> ignore
    arg [--hash-style=gnu] ==> ignore
    arg [--as-needed] ==> ignore
    arg [-m] ==> ignore
    arg [armelf_linux_eabi] ==> ignore
    arg [-o] ==> ignore
    arg [cmTC_18981] ==> ignore
    arg [/usr/lib/gcc/arm-linux-gnueabihf/10/../../../arm-linux-gnueabihf/crt1.o] ==> ignore
    arg [/usr/lib/gcc/arm-linux-gnueabihf/10/../../../arm-linux-gnueabihf/crti.o] ==> ignore
    arg [/usr/lib/gcc/arm-linux-gnueabihf/10/crtbegin.o] ==> ignore
    arg [-L/usr/lib/gcc/arm-linux-gnueabihf/10] ==> dir [/usr/lib/gcc/arm-linux-gnueabihf/10]
    arg [-L/usr/lib/gcc/arm-linux-gnueabihf/10/../../../arm-linux-gnueabihf] ==> dir [/usr/lib/gcc/arm-linux-gnueabihf/10/../../../arm-linux-gnueabihf]
    arg [-L/usr/lib/gcc/arm-linux-gnueabihf/10/../../..] ==> dir [/usr/lib/gcc/arm-linux-gnueabihf/10/../../..]
    arg [-L/lib/arm-linux-gnueabihf] ==> dir [/lib/arm-linux-gnueabihf]
    arg [-L/usr/lib/arm-linux-gnueabihf] ==> dir [/usr/lib/arm-linux-gnueabihf]
    arg [CMakeFiles/cmTC_18981.dir/CMakeCXXCompilerABI.cpp.o] ==> ignore
    arg [-lstdc++] ==> lib [stdc++]
    arg [-lm] ==> lib [m]
    arg [-lgcc_s] ==> lib [gcc_s]
    arg [-lgcc] ==> lib [gcc]
    arg [-lc] ==> lib [c]
    arg [-lgcc_s] ==> lib [gcc_s]
    arg [-lgcc] ==> lib [gcc]
    arg [/usr/lib/gcc/arm-linux-gnueabihf/10/crtend.o] ==> ignore
    arg [/usr/lib/gcc/arm-linux-gnueabihf/10/../../../arm-linux-gnueabihf/crtn.o] ==> ignore
  collapse library dir [/usr/lib/gcc/arm-linux-gnueabihf/10] ==> [/usr/lib/gcc/arm-linux-gnueabihf/10]
  collapse library dir [/usr/lib/gcc/arm-linux-gnueabihf/10/../../../arm-linux-gnueabihf] ==> [/usr/lib/arm-linux-gnueabihf]
  collapse library dir [/usr/lib/gcc/arm-linux-gnueabihf/10/../../..] ==> [/usr/lib]
  collapse library dir [/lib/arm-linux-gnueabihf] ==> [/lib/arm-linux-gnueabihf]
  collapse library dir [/usr/lib/arm-linux-gnueabihf] ==> [/usr/lib/arm-linux-gnueabihf]
  implicit libs: [stdc++;m;gcc_s;gcc;c;gcc_s;gcc]
  implicit dirs: [/usr/lib/gcc/arm-linux-gnueabihf/10;/usr/lib/arm-linux-gnueabihf;/usr/lib;/lib/arm-linux-gnueabihf]
  implicit fwks: []


