Determining if the pthread_create exist failed with the following output:
Change Dir: /home/pi/Desktop/fyp2022/HR_SPARKFUN/build/CMakeFiles/CMakeTmp

Run Build Command:"/usr/bin/make" "cmTC_874e6/fast"
/usr/bin/make -f CMakeFiles/cmTC_874e6.dir/build.make CMakeFiles/cmTC_874e6.dir/build
make[1]: Entering directory '/home/pi/Desktop/fyp2022/HR_SPARKFUN/build/CMakeFiles/CMakeTmp'
Building C object CMakeFiles/cmTC_874e6.dir/CheckSymbolExists.c.o
/usr/bin/cc     -o CMakeFiles/cmTC_874e6.dir/CheckSymbolExists.c.o   -c /home/pi/Desktop/fyp2022/HR_SPARKFUN/build/CMakeFiles/CMakeTmp/CheckSymbolExists.c
Linking C executable cmTC_874e6
/usr/bin/cmake -E cmake_link_script CMakeFiles/cmTC_874e6.dir/link.txt --verbose=1
/usr/bin/cc       CMakeFiles/cmTC_874e6.dir/CheckSymbolExists.c.o  -o cmTC_874e6 -rdynamic 
CMakeFiles/cmTC_874e6.dir/CheckSymbolExists.c.o: In function `main':
CheckSymbolExists.c:(.text+0x38): undefined reference to `pthread_create'
collect2: error: ld returned 1 exit status
CMakeFiles/cmTC_874e6.dir/build.make:97: recipe for target 'cmTC_874e6' failed
make[1]: *** [cmTC_874e6] Error 1
make[1]: Leaving directory '/home/pi/Desktop/fyp2022/HR_SPARKFUN/build/CMakeFiles/CMakeTmp'
Makefile:126: recipe for target 'cmTC_874e6/fast' failed
make: *** [cmTC_874e6/fast] Error 2

File /home/pi/Desktop/fyp2022/HR_SPARKFUN/build/CMakeFiles/CMakeTmp/CheckSymbolExists.c:
/* */
#include <pthread.h>

int main(int argc, char** argv)
{
  (void)argv;
#ifndef pthread_create
  return ((int*)(&pthread_create))[argc];
#else
  (void)argc;
  return 0;
#endif
}

Determining if the function pthread_create exists in the pthreads failed with the following output:
Change Dir: /home/pi/Desktop/fyp2022/HR_SPARKFUN/build/CMakeFiles/CMakeTmp

Run Build Command:"/usr/bin/make" "cmTC_0487c/fast"
/usr/bin/make -f CMakeFiles/cmTC_0487c.dir/build.make CMakeFiles/cmTC_0487c.dir/build
make[1]: Entering directory '/home/pi/Desktop/fyp2022/HR_SPARKFUN/build/CMakeFiles/CMakeTmp'
Building C object CMakeFiles/cmTC_0487c.dir/CheckFunctionExists.c.o
/usr/bin/cc    -DCHECK_FUNCTION_EXISTS=pthread_create   -o CMakeFiles/cmTC_0487c.dir/CheckFunctionExists.c.o   -c /usr/share/cmake-3.6/Modules/CheckFunctionExists.c
Linking C executable cmTC_0487c
/usr/bin/cmake -E cmake_link_script CMakeFiles/cmTC_0487c.dir/link.txt --verbose=1
/usr/bin/cc   -DCHECK_FUNCTION_EXISTS=pthread_create    CMakeFiles/cmTC_0487c.dir/CheckFunctionExists.c.o  -o cmTC_0487c -rdynamic -lpthreads 
/usr/bin/ld: cannot find -lpthreads
collect2: error: ld returned 1 exit status
CMakeFiles/cmTC_0487c.dir/build.make:97: recipe for target 'cmTC_0487c' failed
make[1]: *** [cmTC_0487c] Error 1
make[1]: Leaving directory '/home/pi/Desktop/fyp2022/HR_SPARKFUN/build/CMakeFiles/CMakeTmp'
Makefile:126: recipe for target 'cmTC_0487c/fast' failed
make: *** [cmTC_0487c/fast] Error 2


Determining if the function sgemm_ exists failed with the following output:
Change Dir: /home/pi/Desktop/fyp2022/HR_SPARKFUN/build/CMakeFiles/CMakeTmp

Run Build Command(s):/usr/bin/make cmTC_e602f/fast && /usr/bin/make  -f CMakeFiles/cmTC_e602f.dir/build.make CMakeFiles/cmTC_e602f.dir/build
make[1]: Entering directory '/home/pi/Desktop/fyp2022/HR_SPARKFUN/build/CMakeFiles/CMakeTmp'
Building C object CMakeFiles/cmTC_e602f.dir/CheckFunctionExists.c.o
/usr/bin/cc   -DCHECK_FUNCTION_EXISTS=sgemm_ -o CMakeFiles/cmTC_e602f.dir/CheckFunctionExists.c.o -c /usr/share/cmake-3.18/Modules/CheckFunctionExists.c
Linking C executable cmTC_e602f
/usr/bin/cmake -E cmake_link_script CMakeFiles/cmTC_e602f.dir/link.txt --verbose=1
/usr/bin/cc  -DCHECK_FUNCTION_EXISTS=sgemm_ -rdynamic CMakeFiles/cmTC_e602f.dir/CheckFunctionExists.c.o -o cmTC_e602f 
/usr/bin/ld: CMakeFiles/cmTC_e602f.dir/CheckFunctionExists.c.o: in function `main':
CheckFunctionExists.c:(.text+0x14): undefined reference to `sgemm_'
collect2: error: ld returned 1 exit status
make[1]: *** [CMakeFiles/cmTC_e602f.dir/build.make:106: cmTC_e602f] Error 1
make[1]: Leaving directory '/home/pi/Desktop/fyp2022/HR_SPARKFUN/build/CMakeFiles/CMakeTmp'
make: *** [Makefile:140: cmTC_e602f/fast] Error 2



Performing C SOURCE FILE Test CMAKE_HAVE_LIBC_PTHREAD failed with the following output:
Change Dir: /home/pi/Desktop/fyp2022/HR_SPARKFUN/build/CMakeFiles/CMakeTmp

Run Build Command(s):/usr/bin/make cmTC_152d4/fast && /usr/bin/make  -f CMakeFiles/cmTC_152d4.dir/build.make CMakeFiles/cmTC_152d4.dir/build
make[1]: Entering directory '/home/pi/Desktop/fyp2022/HR_SPARKFUN/build/CMakeFiles/CMakeTmp'
Building C object CMakeFiles/cmTC_152d4.dir/src.c.o
/usr/bin/cc   -DCMAKE_HAVE_LIBC_PTHREAD -o CMakeFiles/cmTC_152d4.dir/src.c.o -c /home/pi/Desktop/fyp2022/HR_SPARKFUN/build/CMakeFiles/CMakeTmp/src.c
Linking C executable cmTC_152d4
/usr/bin/cmake -E cmake_link_script CMakeFiles/cmTC_152d4.dir/link.txt --verbose=1
/usr/bin/cc  -DCMAKE_HAVE_LIBC_PTHREAD -rdynamic CMakeFiles/cmTC_152d4.dir/src.c.o -o cmTC_152d4 
/usr/bin/ld: CMakeFiles/cmTC_152d4.dir/src.c.o: in function `main':
src.c:(.text+0x40): undefined reference to `pthread_create'
/usr/bin/ld: src.c:(.text+0x4c): undefined reference to `pthread_detach'
/usr/bin/ld: src.c:(.text+0x58): undefined reference to `pthread_cancel'
/usr/bin/ld: src.c:(.text+0x68): undefined reference to `pthread_join'
collect2: error: ld returned 1 exit status
make[1]: *** [CMakeFiles/cmTC_152d4.dir/build.make:106: cmTC_152d4] Error 1
make[1]: Leaving directory '/home/pi/Desktop/fyp2022/HR_SPARKFUN/build/CMakeFiles/CMakeTmp'
make: *** [Makefile:140: cmTC_152d4/fast] Error 2


Source file was:
#include <pthread.h>

void* test_func(void* data)
{
  return data;
}

int main(void)
{
  pthread_t thread;
  pthread_create(&thread, NULL, test_func, NULL);
  pthread_detach(thread);
  pthread_cancel(thread);
  pthread_join(thread, NULL);
  pthread_atfork(NULL, NULL, NULL);
  pthread_exit(NULL);

  return 0;
}

Determining if the function cheev_ exists failed with the following output:
Change Dir: /home/pi/Desktop/fyp2022/HR_SPARKFUN/build/CMakeFiles/CMakeTmp

Run Build Command(s):/usr/bin/make cmTC_5ecf2/fast && /usr/bin/make  -f CMakeFiles/cmTC_5ecf2.dir/build.make CMakeFiles/cmTC_5ecf2.dir/build
make[1]: Entering directory '/home/pi/Desktop/fyp2022/HR_SPARKFUN/build/CMakeFiles/CMakeTmp'
Building C object CMakeFiles/cmTC_5ecf2.dir/CheckFunctionExists.c.o
/usr/bin/cc   -DCHECK_FUNCTION_EXISTS=cheev_ -o CMakeFiles/cmTC_5ecf2.dir/CheckFunctionExists.c.o -c /usr/share/cmake-3.18/Modules/CheckFunctionExists.c
make[1]: *** No rule to make target '/usr/lib/libopenblas.so', needed by 'cmTC_5ecf2'.  Stop.
make[1]: Leaving directory '/home/pi/Desktop/fyp2022/HR_SPARKFUN/build/CMakeFiles/CMakeTmp'
make: *** [Makefile:140: cmTC_5ecf2/fast] Error 2



